The system is: Linux - 3.10.0-1127.19.1.el7.x86_64 - x86_64
Compiling the C compiler identification source file "CMakeCCompilerId.c" succeeded.
Compiler: /opt/rh/devtoolset-9/root/usr/bin/gcc 
Build flags: 
Id flags: 

The output was:
0


Compilation of the C compiler identification source "CMakeCCompilerId.c" produced "a.out"

The C compiler identification is GNU, found in "/home/sweet12prof/Desktop/Final/CacheSim/build/CMakeFiles/3.3.2/CompilerIdC/a.out"

Compiling the CXX compiler identification source file "CMakeCXXCompilerId.cpp" succeeded.
Compiler: /opt/rh/devtoolset-9/root/usr/bin/g++ 
Build flags: 
Id flags: 

The output was:
0


Compilation of the CXX compiler identification source "CMakeCXXCompilerId.cpp" produced "a.out"

The CXX compiler identification is GNU, found in "/home/sweet12prof/Desktop/Final/CacheSim/build/CMakeFiles/3.3.2/CompilerIdCXX/a.out"

Determining if the C compiler works passed with the following output:
Change Dir: /home/sweet12prof/Desktop/Final/CacheSim/build/CMakeFiles/CMakeTmp

Run Build Command:"/opt/rh/devtoolset-9/root/usr/bin/gmake" "cmTC_aff46/fast"
/opt/rh/devtoolset-9/root/usr/bin/gmake -f CMakeFiles/cmTC_aff46.dir/build.make CMakeFiles/cmTC_aff46.dir/build
gmake[1]: Entering directory '/home/sweet12prof/Desktop/Final/CacheSim/build/CMakeFiles/CMakeTmp'
Building C object CMakeFiles/cmTC_aff46.dir/testCCompiler.c.o
/opt/rh/devtoolset-9/root/usr/bin/gcc    -o CMakeFiles/cmTC_aff46.dir/testCCompiler.c.o   -c /home/sweet12prof/Desktop/Final/CacheSim/build/CMakeFiles/CMakeTmp/testCCompiler.c
Linking C executable cmTC_aff46
/home/Xilinx/Vitis/2020.1/tps/lnx64/cmake-3.3.2/bin/cmake -E cmake_link_script CMakeFiles/cmTC_aff46.dir/link.txt --verbose=1
/opt/rh/devtoolset-9/root/usr/bin/gcc       CMakeFiles/cmTC_aff46.dir/testCCompiler.c.o  -o cmTC_aff46 -rdynamic 
gmake[1]: Leaving directory '/home/sweet12prof/Desktop/Final/CacheSim/build/CMakeFiles/CMakeTmp'


Detecting C compiler ABI info compiled with the following output:
Change Dir: /home/sweet12prof/Desktop/Final/CacheSim/build/CMakeFiles/CMakeTmp

Run Build Command:"/opt/rh/devtoolset-9/root/usr/bin/gmake" "cmTC_a3980/fast"
/opt/rh/devtoolset-9/root/usr/bin/gmake -f CMakeFiles/cmTC_a3980.dir/build.make CMakeFiles/cmTC_a3980.dir/build
gmake[1]: Entering directory '/home/sweet12prof/Desktop/Final/CacheSim/build/CMakeFiles/CMakeTmp'
Building C object CMakeFiles/cmTC_a3980.dir/CMakeCCompilerABI.c.o
/opt/rh/devtoolset-9/root/usr/bin/gcc    -o CMakeFiles/cmTC_a3980.dir/CMakeCCompilerABI.c.o   -c /home/Xilinx/Vitis/2020.1/tps/lnx64/cmake-3.3.2/share/cmake-3.3/Modules/CMakeCCompilerABI.c
Linking C executable cmTC_a3980
/home/Xilinx/Vitis/2020.1/tps/lnx64/cmake-3.3.2/bin/cmake -E cmake_link_script CMakeFiles/cmTC_a3980.dir/link.txt --verbose=1
/opt/rh/devtoolset-9/root/usr/bin/gcc      -v CMakeFiles/cmTC_a3980.dir/CMakeCCompilerABI.c.o  -o cmTC_a3980 -rdynamic  
Using built-in specs.
COLLECT_GCC=/opt/rh/devtoolset-9/root/usr/bin/gcc
COLLECT_LTO_WRAPPER=/opt/rh/devtoolset-9/root/usr/libexec/gcc/x86_64-redhat-linux/9/lto-wrapper
Target: x86_64-redhat-linux
Configured with: ../configure --enable-bootstrap --enable-languages=c,c++,fortran,lto --prefix=/opt/rh/devtoolset-9/root/usr --mandir=/opt/rh/devtoolset-9/root/usr/share/man --infodir=/opt/rh/devtoolset-9/root/usr/share/info --with-bugurl=http://bugzilla.redhat.com/bugzilla --enable-shared --enable-threads=posix --enable-checking=release --enable-multilib --with-system-zlib --enable-__cxa_atexit --disable-libunwind-exceptions --enable-gnu-unique-object --enable-linker-build-id --with-gcc-major-version-only --with-linker-hash-style=gnu --with-default-libstdcxx-abi=gcc4-compatible --enable-plugin --enable-initfini-array --with-isl=/builddir/build/BUILD/gcc-9.3.1-20200408/obj-x86_64-redhat-linux/isl-install --disable-libmpx --enable-gnu-indirect-function --with-tune=generic --with-arch_32=x86-64 --build=x86_64-redhat-linux
Thread model: posix
gcc version 9.3.1 20200408 (Red Hat 9.3.1-2) (GCC) 
COMPILER_PATH=/opt/rh/devtoolset-9/root/usr/libexec/gcc/x86_64-redhat-linux/9/:/opt/rh/devtoolset-9/root/usr/libexec/gcc/x86_64-redhat-linux/9/:/opt/rh/devtoolset-9/root/usr/libexec/gcc/x86_64-redhat-linux/:/opt/rh/devtoolset-9/root/usr/lib/gcc/x86_64-redhat-linux/9/:/opt/rh/devtoolset-9/root/usr/lib/gcc/x86_64-redhat-linux/
LIBRARY_PATH=/opt/rh/devtoolset-9/root/usr/lib/gcc/x86_64-redhat-linux/9/:/opt/rh/devtoolset-9/root/usr/lib/gcc/x86_64-redhat-linux/9/../../../../lib64/:/lib/../lib64/:/usr/lib/../lib64/:/opt/rh/devtoolset-9/root/usr/lib/gcc/x86_64-redhat-linux/9/../../../:/lib/:/usr/lib/
COLLECT_GCC_OPTIONS='-v' '-o' 'cmTC_a3980' '-rdynamic' '-mtune=generic' '-march=x86-64'
 /opt/rh/devtoolset-9/root/usr/libexec/gcc/x86_64-redhat-linux/9/collect2 -plugin /opt/rh/devtoolset-9/root/usr/libexec/gcc/x86_64-redhat-linux/9/liblto_plugin.so -plugin-opt=/opt/rh/devtoolset-9/root/usr/libexec/gcc/x86_64-redhat-linux/9/lto-wrapper -plugin-opt=-fresolution=/tmp/ccOIomop.res -plugin-opt=-pass-through=-lgcc -plugin-opt=-pass-through=-lgcc_s -plugin-opt=-pass-through=-lc -plugin-opt=-pass-through=-lgcc -plugin-opt=-pass-through=-lgcc_s --build-id --no-add-needed --eh-frame-hdr --hash-style=gnu -m elf_x86_64 -export-dynamic -dynamic-linker /lib64/ld-linux-x86-64.so.2 -o cmTC_a3980 /lib/../lib64/crt1.o /lib/../lib64/crti.o /opt/rh/devtoolset-9/root/usr/lib/gcc/x86_64-redhat-linux/9/crtbegin.o -L/opt/rh/devtoolset-9/root/usr/lib/gcc/x86_64-redhat-linux/9 -L/opt/rh/devtoolset-9/root/usr/lib/gcc/x86_64-redhat-linux/9/../../../../lib64 -L/lib/../lib64 -L/usr/lib/../lib64 -L/opt/rh/devtoolset-9/root/usr/lib/gcc/x86_64-redhat-linux/9/../../.. CMakeFiles/cmTC_a3980.dir/CMakeCCompilerABI.c.o -lgcc --push-state --as-needed -lgcc_s --pop-state -lc -lgcc --push-state --as-needed -lgcc_s --pop-state /opt/rh/devtoolset-9/root/usr/lib/gcc/x86_64-redhat-linux/9/crtend.o /lib/../lib64/crtn.o
COLLECT_GCC_OPTIONS='-v' '-o' 'cmTC_a3980' '-rdynamic' '-mtune=generic' '-march=x86-64'
gmake[1]: Leaving directory '/home/sweet12prof/Desktop/Final/CacheSim/build/CMakeFiles/CMakeTmp'


Parsed C implicit link information from above output:
  link line regex: [^( *|.*[/\])(ld|([^/\]+-)?ld|collect2)[^/\]*( |$)]
  ignore line: [Change Dir: /home/sweet12prof/Desktop/Final/CacheSim/build/CMakeFiles/CMakeTmp]
  ignore line: []
  ignore line: [Run Build Command:"/opt/rh/devtoolset-9/root/usr/bin/gmake" "cmTC_a3980/fast"]
  ignore line: [/opt/rh/devtoolset-9/root/usr/bin/gmake -f CMakeFiles/cmTC_a3980.dir/build.make CMakeFiles/cmTC_a3980.dir/build]
  ignore line: [gmake[1]: Entering directory '/home/sweet12prof/Desktop/Final/CacheSim/build/CMakeFiles/CMakeTmp']
  ignore line: [Building C object CMakeFiles/cmTC_a3980.dir/CMakeCCompilerABI.c.o]
  ignore line: [/opt/rh/devtoolset-9/root/usr/bin/gcc    -o CMakeFiles/cmTC_a3980.dir/CMakeCCompilerABI.c.o   -c /home/Xilinx/Vitis/2020.1/tps/lnx64/cmake-3.3.2/share/cmake-3.3/Modules/CMakeCCompilerABI.c]
  ignore line: [Linking C executable cmTC_a3980]
  ignore line: [/home/Xilinx/Vitis/2020.1/tps/lnx64/cmake-3.3.2/bin/cmake -E cmake_link_script CMakeFiles/cmTC_a3980.dir/link.txt --verbose=1]
  ignore line: [/opt/rh/devtoolset-9/root/usr/bin/gcc      -v CMakeFiles/cmTC_a3980.dir/CMakeCCompilerABI.c.o  -o cmTC_a3980 -rdynamic  ]
  ignore line: [Using built-in specs.]
  ignore line: [COLLECT_GCC=/opt/rh/devtoolset-9/root/usr/bin/gcc]
  ignore line: [COLLECT_LTO_WRAPPER=/opt/rh/devtoolset-9/root/usr/libexec/gcc/x86_64-redhat-linux/9/lto-wrapper]
  ignore line: [Target: x86_64-redhat-linux]
  ignore line: [Configured with: ../configure --enable-bootstrap --enable-languages=c,c++,fortran,lto --prefix=/opt/rh/devtoolset-9/root/usr --mandir=/opt/rh/devtoolset-9/root/usr/share/man --infodir=/opt/rh/devtoolset-9/root/usr/share/info --with-bugurl=http://bugzilla.redhat.com/bugzilla --enable-shared --enable-threads=posix --enable-checking=release --enable-multilib --with-system-zlib --enable-__cxa_atexit --disable-libunwind-exceptions --enable-gnu-unique-object --enable-linker-build-id --with-gcc-major-version-only --with-linker-hash-style=gnu --with-default-libstdcxx-abi=gcc4-compatible --enable-plugin --enable-initfini-array --with-isl=/builddir/build/BUILD/gcc-9.3.1-20200408/obj-x86_64-redhat-linux/isl-install --disable-libmpx --enable-gnu-indirect-function --with-tune=generic --with-arch_32=x86-64 --build=x86_64-redhat-linux]
  ignore line: [Thread model: posix]
  ignore line: [gcc version 9.3.1 20200408 (Red Hat 9.3.1-2) (GCC) ]
  ignore line: [COMPILER_PATH=/opt/rh/devtoolset-9/root/usr/libexec/gcc/x86_64-redhat-linux/9/:/opt/rh/devtoolset-9/root/usr/libexec/gcc/x86_64-redhat-linux/9/:/opt/rh/devtoolset-9/root/usr/libexec/gcc/x86_64-redhat-linux/:/opt/rh/devtoolset-9/root/usr/lib/gcc/x86_64-redhat-linux/9/:/opt/rh/devtoolset-9/root/usr/lib/gcc/x86_64-redhat-linux/]
  ignore line: [LIBRARY_PATH=/opt/rh/devtoolset-9/root/usr/lib/gcc/x86_64-redhat-linux/9/:/opt/rh/devtoolset-9/root/usr/lib/gcc/x86_64-redhat-linux/9/../../../../lib64/:/lib/../lib64/:/usr/lib/../lib64/:/opt/rh/devtoolset-9/root/usr/lib/gcc/x86_64-redhat-linux/9/../../../:/lib/:/usr/lib/]
  ignore line: [COLLECT_GCC_OPTIONS='-v' '-o' 'cmTC_a3980' '-rdynamic' '-mtune=generic' '-march=x86-64']
  link line: [ /opt/rh/devtoolset-9/root/usr/libexec/gcc/x86_64-redhat-linux/9/collect2 -plugin /opt/rh/devtoolset-9/root/usr/libexec/gcc/x86_64-redhat-linux/9/liblto_plugin.so -plugin-opt=/opt/rh/devtoolset-9/root/usr/libexec/gcc/x86_64-redhat-linux/9/lto-wrapper -plugin-opt=-fresolution=/tmp/ccOIomop.res -plugin-opt=-pass-through=-lgcc -plugin-opt=-pass-through=-lgcc_s -plugin-opt=-pass-through=-lc -plugin-opt=-pass-through=-lgcc -plugin-opt=-pass-through=-lgcc_s --build-id --no-add-needed --eh-frame-hdr --hash-style=gnu -m elf_x86_64 -export-dynamic -dynamic-linker /lib64/ld-linux-x86-64.so.2 -o cmTC_a3980 /lib/../lib64/crt1.o /lib/../lib64/crti.o /opt/rh/devtoolset-9/root/usr/lib/gcc/x86_64-redhat-linux/9/crtbegin.o -L/opt/rh/devtoolset-9/root/usr/lib/gcc/x86_64-redhat-linux/9 -L/opt/rh/devtoolset-9/root/usr/lib/gcc/x86_64-redhat-linux/9/../../../../lib64 -L/lib/../lib64 -L/usr/lib/../lib64 -L/opt/rh/devtoolset-9/root/usr/lib/gcc/x86_64-redhat-linux/9/../../.. CMakeFiles/cmTC_a3980.dir/CMakeCCompilerABI.c.o -lgcc --push-state --as-needed -lgcc_s --pop-state -lc -lgcc --push-state --as-needed -lgcc_s --pop-state /opt/rh/devtoolset-9/root/usr/lib/gcc/x86_64-redhat-linux/9/crtend.o /lib/../lib64/crtn.o]
    arg [/opt/rh/devtoolset-9/root/usr/libexec/gcc/x86_64-redhat-linux/9/collect2] ==> ignore
    arg [-plugin] ==> ignore
    arg [/opt/rh/devtoolset-9/root/usr/libexec/gcc/x86_64-redhat-linux/9/liblto_plugin.so] ==> ignore
    arg [-plugin-opt=/opt/rh/devtoolset-9/root/usr/libexec/gcc/x86_64-redhat-linux/9/lto-wrapper] ==> ignore
    arg [-plugin-opt=-fresolution=/tmp/ccOIomop.res] ==> ignore
    arg [-plugin-opt=-pass-through=-lgcc] ==> ignore
    arg [-plugin-opt=-pass-through=-lgcc_s] ==> ignore
    arg [-plugin-opt=-pass-through=-lc] ==> ignore
    arg [-plugin-opt=-pass-through=-lgcc] ==> ignore
    arg [-plugin-opt=-pass-through=-lgcc_s] ==> ignore
    arg [--build-id] ==> ignore
    arg [--no-add-needed] ==> ignore
    arg [--eh-frame-hdr] ==> ignore
    arg [--hash-style=gnu] ==> ignore
    arg [-m] ==> ignore
    arg [elf_x86_64] ==> ignore
    arg [-export-dynamic] ==> ignore
    arg [-dynamic-linker] ==> ignore
    arg [/lib64/ld-linux-x86-64.so.2] ==> ignore
    arg [-o] ==> ignore
    arg [cmTC_a3980] ==> ignore
    arg [/lib/../lib64/crt1.o] ==> ignore
    arg [/lib/../lib64/crti.o] ==> ignore
    arg [/opt/rh/devtoolset-9/root/usr/lib/gcc/x86_64-redhat-linux/9/crtbegin.o] ==> ignore
    arg [-L/opt/rh/devtoolset-9/root/usr/lib/gcc/x86_64-redhat-linux/9] ==> dir [/opt/rh/devtoolset-9/root/usr/lib/gcc/x86_64-redhat-linux/9]
    arg [-L/opt/rh/devtoolset-9/root/usr/lib/gcc/x86_64-redhat-linux/9/../../../../lib64] ==> dir [/opt/rh/devtoolset-9/root/usr/lib/gcc/x86_64-redhat-linux/9/../../../../lib64]
    arg [-L/lib/../lib64] ==> dir [/lib/../lib64]
    arg [-L/usr/lib/../lib64] ==> dir [/usr/lib/../lib64]
    arg [-L/opt/rh/devtoolset-9/root/usr/lib/gcc/x86_64-redhat-linux/9/../../..] ==> dir [/opt/rh/devtoolset-9/root/usr/lib/gcc/x86_64-redhat-linux/9/../../..]
    arg [CMakeFiles/cmTC_a3980.dir/CMakeCCompilerABI.c.o] ==> ignore
    arg [-lgcc] ==> lib [gcc]
    arg [--push-state] ==> ignore
    arg [--as-needed] ==> ignore
    arg [-lgcc_s] ==> lib [gcc_s]
    arg [--pop-state] ==> ignore
    arg [-lc] ==> lib [c]
    arg [-lgcc] ==> lib [gcc]
    arg [--push-state] ==> ignore
    arg [--as-needed] ==> ignore
    arg [-lgcc_s] ==> lib [gcc_s]
    arg [--pop-state] ==> ignore
    arg [/opt/rh/devtoolset-9/root/usr/lib/gcc/x86_64-redhat-linux/9/crtend.o] ==> ignore
    arg [/lib/../lib64/crtn.o] ==> ignore
  remove lib [gcc]
  remove lib [gcc_s]
  remove lib [gcc]
  remove lib [gcc_s]
  collapse library dir [/opt/rh/devtoolset-9/root/usr/lib/gcc/x86_64-redhat-linux/9] ==> [/opt/rh/devtoolset-9/root/usr/lib/gcc/x86_64-redhat-linux/9]
  collapse library dir [/opt/rh/devtoolset-9/root/usr/lib/gcc/x86_64-redhat-linux/9/../../../../lib64] ==> [/opt/rh/devtoolset-9/root/usr/lib64]
  collapse library dir [/lib/../lib64] ==> [/lib64]
  collapse library dir [/usr/lib/../lib64] ==> [/usr/lib64]
  collapse library dir [/opt/rh/devtoolset-9/root/usr/lib/gcc/x86_64-redhat-linux/9/../../..] ==> [/opt/rh/devtoolset-9/root/usr/lib]
  implicit libs: [c]
  implicit dirs: [/opt/rh/devtoolset-9/root/usr/lib/gcc/x86_64-redhat-linux/9;/opt/rh/devtoolset-9/root/usr/lib64;/lib64;/usr/lib64;/opt/rh/devtoolset-9/root/usr/lib]
  implicit fwks: []




Detecting C [-std=c11] compiler features compiled with the following output:
Change Dir: /home/sweet12prof/Desktop/Final/CacheSim/build/CMakeFiles/CMakeTmp

Run Build Command:"/opt/rh/devtoolset-9/root/usr/bin/gmake" "cmTC_da90d/fast"
/opt/rh/devtoolset-9/root/usr/bin/gmake -f CMakeFiles/cmTC_da90d.dir/build.make CMakeFiles/cmTC_da90d.dir/build
gmake[1]: Entering directory '/home/sweet12prof/Desktop/Final/CacheSim/build/CMakeFiles/CMakeTmp'
Building C object CMakeFiles/cmTC_da90d.dir/feature_tests.c.o
/opt/rh/devtoolset-9/root/usr/bin/gcc   -std=c11 -o CMakeFiles/cmTC_da90d.dir/feature_tests.c.o   -c /home/sweet12prof/Desktop/Final/CacheSim/build/CMakeFiles/feature_tests.c
Linking C executable cmTC_da90d
/home/Xilinx/Vitis/2020.1/tps/lnx64/cmake-3.3.2/bin/cmake -E cmake_link_script CMakeFiles/cmTC_da90d.dir/link.txt --verbose=1
/opt/rh/devtoolset-9/root/usr/bin/gcc       CMakeFiles/cmTC_da90d.dir/feature_tests.c.o  -o cmTC_da90d -rdynamic 
gmake[1]: Leaving directory '/home/sweet12prof/Desktop/Final/CacheSim/build/CMakeFiles/CMakeTmp'


    Feature record: C_FEATURE:1c_function_prototypes
    Feature record: C_FEATURE:1c_restrict
    Feature record: C_FEATURE:1c_static_assert
    Feature record: C_FEATURE:1c_variadic_macros


Detecting C [-std=c99] compiler features compiled with the following output:
Change Dir: /home/sweet12prof/Desktop/Final/CacheSim/build/CMakeFiles/CMakeTmp

Run Build Command:"/opt/rh/devtoolset-9/root/usr/bin/gmake" "cmTC_22cbf/fast"
/opt/rh/devtoolset-9/root/usr/bin/gmake -f CMakeFiles/cmTC_22cbf.dir/build.make CMakeFiles/cmTC_22cbf.dir/build
gmake[1]: Entering directory '/home/sweet12prof/Desktop/Final/CacheSim/build/CMakeFiles/CMakeTmp'
Building C object CMakeFiles/cmTC_22cbf.dir/feature_tests.c.o
/opt/rh/devtoolset-9/root/usr/bin/gcc   -std=c99 -o CMakeFiles/cmTC_22cbf.dir/feature_tests.c.o   -c /home/sweet12prof/Desktop/Final/CacheSim/build/CMakeFiles/feature_tests.c
Linking C executable cmTC_22cbf
/home/Xilinx/Vitis/2020.1/tps/lnx64/cmake-3.3.2/bin/cmake -E cmake_link_script CMakeFiles/cmTC_22cbf.dir/link.txt --verbose=1
/opt/rh/devtoolset-9/root/usr/bin/gcc       CMakeFiles/cmTC_22cbf.dir/feature_tests.c.o  -o cmTC_22cbf -rdynamic 
gmake[1]: Leaving directory '/home/sweet12prof/Desktop/Final/CacheSim/build/CMakeFiles/CMakeTmp'


    Feature record: C_FEATURE:1c_function_prototypes
    Feature record: C_FEATURE:1c_restrict
    Feature record: C_FEATURE:0c_static_assert
    Feature record: C_FEATURE:1c_variadic_macros


Detecting C [-std=c90] compiler features compiled with the following output:
Change Dir: /home/sweet12prof/Desktop/Final/CacheSim/build/CMakeFiles/CMakeTmp

Run Build Command:"/opt/rh/devtoolset-9/root/usr/bin/gmake" "cmTC_c4db3/fast"
/opt/rh/devtoolset-9/root/usr/bin/gmake -f CMakeFiles/cmTC_c4db3.dir/build.make CMakeFiles/cmTC_c4db3.dir/build
gmake[1]: Entering directory '/home/sweet12prof/Desktop/Final/CacheSim/build/CMakeFiles/CMakeTmp'
Building C object CMakeFiles/cmTC_c4db3.dir/feature_tests.c.o
/opt/rh/devtoolset-9/root/usr/bin/gcc   -std=c90 -o CMakeFiles/cmTC_c4db3.dir/feature_tests.c.o   -c /home/sweet12prof/Desktop/Final/CacheSim/build/CMakeFiles/feature_tests.c
Linking C executable cmTC_c4db3
/home/Xilinx/Vitis/2020.1/tps/lnx64/cmake-3.3.2/bin/cmake -E cmake_link_script CMakeFiles/cmTC_c4db3.dir/link.txt --verbose=1
/opt/rh/devtoolset-9/root/usr/bin/gcc       CMakeFiles/cmTC_c4db3.dir/feature_tests.c.o  -o cmTC_c4db3 -rdynamic 
gmake[1]: Leaving directory '/home/sweet12prof/Desktop/Final/CacheSim/build/CMakeFiles/CMakeTmp'


    Feature record: C_FEATURE:1c_function_prototypes
    Feature record: C_FEATURE:0c_restrict
    Feature record: C_FEATURE:0c_static_assert
    Feature record: C_FEATURE:0c_variadic_macros
Determining if the CXX compiler works passed with the following output:
Change Dir: /home/sweet12prof/Desktop/Final/CacheSim/build/CMakeFiles/CMakeTmp

Run Build Command:"/opt/rh/devtoolset-9/root/usr/bin/gmake" "cmTC_f19e5/fast"
/opt/rh/devtoolset-9/root/usr/bin/gmake -f CMakeFiles/cmTC_f19e5.dir/build.make CMakeFiles/cmTC_f19e5.dir/build
gmake[1]: Entering directory '/home/sweet12prof/Desktop/Final/CacheSim/build/CMakeFiles/CMakeTmp'
Building CXX object CMakeFiles/cmTC_f19e5.dir/testCXXCompiler.cxx.o
/opt/rh/devtoolset-9/root/usr/bin/g++     -o CMakeFiles/cmTC_f19e5.dir/testCXXCompiler.cxx.o -c /home/sweet12prof/Desktop/Final/CacheSim/build/CMakeFiles/CMakeTmp/testCXXCompiler.cxx
Linking CXX executable cmTC_f19e5
/home/Xilinx/Vitis/2020.1/tps/lnx64/cmake-3.3.2/bin/cmake -E cmake_link_script CMakeFiles/cmTC_f19e5.dir/link.txt --verbose=1
/opt/rh/devtoolset-9/root/usr/bin/g++        CMakeFiles/cmTC_f19e5.dir/testCXXCompiler.cxx.o  -o cmTC_f19e5 -rdynamic 
gmake[1]: Leaving directory '/home/sweet12prof/Desktop/Final/CacheSim/build/CMakeFiles/CMakeTmp'


Detecting CXX compiler ABI info compiled with the following output:
Change Dir: /home/sweet12prof/Desktop/Final/CacheSim/build/CMakeFiles/CMakeTmp

Run Build Command:"/opt/rh/devtoolset-9/root/usr/bin/gmake" "cmTC_dd558/fast"
/opt/rh/devtoolset-9/root/usr/bin/gmake -f CMakeFiles/cmTC_dd558.dir/build.make CMakeFiles/cmTC_dd558.dir/build
gmake[1]: Entering directory '/home/sweet12prof/Desktop/Final/CacheSim/build/CMakeFiles/CMakeTmp'
Building CXX object CMakeFiles/cmTC_dd558.dir/CMakeCXXCompilerABI.cpp.o
/opt/rh/devtoolset-9/root/usr/bin/g++     -o CMakeFiles/cmTC_dd558.dir/CMakeCXXCompilerABI.cpp.o -c /home/Xilinx/Vitis/2020.1/tps/lnx64/cmake-3.3.2/share/cmake-3.3/Modules/CMakeCXXCompilerABI.cpp
Linking CXX executable cmTC_dd558
/home/Xilinx/Vitis/2020.1/tps/lnx64/cmake-3.3.2/bin/cmake -E cmake_link_script CMakeFiles/cmTC_dd558.dir/link.txt --verbose=1
/opt/rh/devtoolset-9/root/usr/bin/g++       -v CMakeFiles/cmTC_dd558.dir/CMakeCXXCompilerABI.cpp.o  -o cmTC_dd558 -rdynamic  
Using built-in specs.
COLLECT_GCC=/opt/rh/devtoolset-9/root/usr/bin/g++
COLLECT_LTO_WRAPPER=/opt/rh/devtoolset-9/root/usr/libexec/gcc/x86_64-redhat-linux/9/lto-wrapper
Target: x86_64-redhat-linux
Configured with: ../configure --enable-bootstrap --enable-languages=c,c++,fortran,lto --prefix=/opt/rh/devtoolset-9/root/usr --mandir=/opt/rh/devtoolset-9/root/usr/share/man --infodir=/opt/rh/devtoolset-9/root/usr/share/info --with-bugurl=http://bugzilla.redhat.com/bugzilla --enable-shared --enable-threads=posix --enable-checking=release --enable-multilib --with-system-zlib --enable-__cxa_atexit --disable-libunwind-exceptions --enable-gnu-unique-object --enable-linker-build-id --with-gcc-major-version-only --with-linker-hash-style=gnu --with-default-libstdcxx-abi=gcc4-compatible --enable-plugin --enable-initfini-array --with-isl=/builddir/build/BUILD/gcc-9.3.1-20200408/obj-x86_64-redhat-linux/isl-install --disable-libmpx --enable-gnu-indirect-function --with-tune=generic --with-arch_32=x86-64 --build=x86_64-redhat-linux
Thread model: posix
gcc version 9.3.1 20200408 (Red Hat 9.3.1-2) (GCC) 
COMPILER_PATH=/opt/rh/devtoolset-9/root/usr/libexec/gcc/x86_64-redhat-linux/9/:/opt/rh/devtoolset-9/root/usr/libexec/gcc/x86_64-redhat-linux/9/:/opt/rh/devtoolset-9/root/usr/libexec/gcc/x86_64-redhat-linux/:/opt/rh/devtoolset-9/root/usr/lib/gcc/x86_64-redhat-linux/9/:/opt/rh/devtoolset-9/root/usr/lib/gcc/x86_64-redhat-linux/
LIBRARY_PATH=/opt/rh/devtoolset-9/root/usr/lib/gcc/x86_64-redhat-linux/9/:/opt/rh/devtoolset-9/root/usr/lib/gcc/x86_64-redhat-linux/9/../../../../lib64/:/lib/../lib64/:/usr/lib/../lib64/:/opt/rh/devtoolset-9/root/usr/lib/gcc/x86_64-redhat-linux/9/../../../:/lib/:/usr/lib/
COLLECT_GCC_OPTIONS='-v' '-o' 'cmTC_dd558' '-rdynamic' '-shared-libgcc' '-mtune=generic' '-march=x86-64'
 /opt/rh/devtoolset-9/root/usr/libexec/gcc/x86_64-redhat-linux/9/collect2 -plugin /opt/rh/devtoolset-9/root/usr/libexec/gcc/x86_64-redhat-linux/9/liblto_plugin.so -plugin-opt=/opt/rh/devtoolset-9/root/usr/libexec/gcc/x86_64-redhat-linux/9/lto-wrapper -plugin-opt=-fresolution=/tmp/cc5btKG1.res -plugin-opt=-pass-through=-lgcc_s -plugin-opt=-pass-through=-lgcc -plugin-opt=-pass-through=-lc -plugin-opt=-pass-through=-lgcc_s -plugin-opt=-pass-through=-lgcc --build-id --no-add-needed --eh-frame-hdr --hash-style=gnu -m elf_x86_64 -export-dynamic -dynamic-linker /lib64/ld-linux-x86-64.so.2 -o cmTC_dd558 /lib/../lib64/crt1.o /lib/../lib64/crti.o /opt/rh/devtoolset-9/root/usr/lib/gcc/x86_64-redhat-linux/9/crtbegin.o -L/opt/rh/devtoolset-9/root/usr/lib/gcc/x86_64-redhat-linux/9 -L/opt/rh/devtoolset-9/root/usr/lib/gcc/x86_64-redhat-linux/9/../../../../lib64 -L/lib/../lib64 -L/usr/lib/../lib64 -L/opt/rh/devtoolset-9/root/usr/lib/gcc/x86_64-redhat-linux/9/../../.. CMakeFiles/cmTC_dd558.dir/CMakeCXXCompilerABI.cpp.o -lstdc++ -lm -lgcc_s -lgcc -lc -lgcc_s -lgcc /opt/rh/devtoolset-9/root/usr/lib/gcc/x86_64-redhat-linux/9/crtend.o /lib/../lib64/crtn.o
COLLECT_GCC_OPTIONS='-v' '-o' 'cmTC_dd558' '-rdynamic' '-shared-libgcc' '-mtune=generic' '-march=x86-64'
gmake[1]: Leaving directory '/home/sweet12prof/Desktop/Final/CacheSim/build/CMakeFiles/CMakeTmp'


Parsed CXX implicit link information from above output:
  link line regex: [^( *|.*[/\])(ld|([^/\]+-)?ld|collect2)[^/\]*( |$)]
  ignore line: [Change Dir: /home/sweet12prof/Desktop/Final/CacheSim/build/CMakeFiles/CMakeTmp]
  ignore line: []
  ignore line: [Run Build Command:"/opt/rh/devtoolset-9/root/usr/bin/gmake" "cmTC_dd558/fast"]
  ignore line: [/opt/rh/devtoolset-9/root/usr/bin/gmake -f CMakeFiles/cmTC_dd558.dir/build.make CMakeFiles/cmTC_dd558.dir/build]
  ignore line: [gmake[1]: Entering directory '/home/sweet12prof/Desktop/Final/CacheSim/build/CMakeFiles/CMakeTmp']
  ignore line: [Building CXX object CMakeFiles/cmTC_dd558.dir/CMakeCXXCompilerABI.cpp.o]
  ignore line: [/opt/rh/devtoolset-9/root/usr/bin/g++     -o CMakeFiles/cmTC_dd558.dir/CMakeCXXCompilerABI.cpp.o -c /home/Xilinx/Vitis/2020.1/tps/lnx64/cmake-3.3.2/share/cmake-3.3/Modules/CMakeCXXCompilerABI.cpp]
  ignore line: [Linking CXX executable cmTC_dd558]
  ignore line: [/home/Xilinx/Vitis/2020.1/tps/lnx64/cmake-3.3.2/bin/cmake -E cmake_link_script CMakeFiles/cmTC_dd558.dir/link.txt --verbose=1]
  ignore line: [/opt/rh/devtoolset-9/root/usr/bin/g++       -v CMakeFiles/cmTC_dd558.dir/CMakeCXXCompilerABI.cpp.o  -o cmTC_dd558 -rdynamic  ]
  ignore line: [Using built-in specs.]
  ignore line: [COLLECT_GCC=/opt/rh/devtoolset-9/root/usr/bin/g++]
  ignore line: [COLLECT_LTO_WRAPPER=/opt/rh/devtoolset-9/root/usr/libexec/gcc/x86_64-redhat-linux/9/lto-wrapper]
  ignore line: [Target: x86_64-redhat-linux]
  ignore line: [Configured with: ../configure --enable-bootstrap --enable-languages=c,c++,fortran,lto --prefix=/opt/rh/devtoolset-9/root/usr --mandir=/opt/rh/devtoolset-9/root/usr/share/man --infodir=/opt/rh/devtoolset-9/root/usr/share/info --with-bugurl=http://bugzilla.redhat.com/bugzilla --enable-shared --enable-threads=posix --enable-checking=release --enable-multilib --with-system-zlib --enable-__cxa_atexit --disable-libunwind-exceptions --enable-gnu-unique-object --enable-linker-build-id --with-gcc-major-version-only --with-linker-hash-style=gnu --with-default-libstdcxx-abi=gcc4-compatible --enable-plugin --enable-initfini-array --with-isl=/builddir/build/BUILD/gcc-9.3.1-20200408/obj-x86_64-redhat-linux/isl-install --disable-libmpx --enable-gnu-indirect-function --with-tune=generic --with-arch_32=x86-64 --build=x86_64-redhat-linux]
  ignore line: [Thread model: posix]
  ignore line: [gcc version 9.3.1 20200408 (Red Hat 9.3.1-2) (GCC) ]
  ignore line: [COMPILER_PATH=/opt/rh/devtoolset-9/root/usr/libexec/gcc/x86_64-redhat-linux/9/:/opt/rh/devtoolset-9/root/usr/libexec/gcc/x86_64-redhat-linux/9/:/opt/rh/devtoolset-9/root/usr/libexec/gcc/x86_64-redhat-linux/:/opt/rh/devtoolset-9/root/usr/lib/gcc/x86_64-redhat-linux/9/:/opt/rh/devtoolset-9/root/usr/lib/gcc/x86_64-redhat-linux/]
  ignore line: [LIBRARY_PATH=/opt/rh/devtoolset-9/root/usr/lib/gcc/x86_64-redhat-linux/9/:/opt/rh/devtoolset-9/root/usr/lib/gcc/x86_64-redhat-linux/9/../../../../lib64/:/lib/../lib64/:/usr/lib/../lib64/:/opt/rh/devtoolset-9/root/usr/lib/gcc/x86_64-redhat-linux/9/../../../:/lib/:/usr/lib/]
  ignore line: [COLLECT_GCC_OPTIONS='-v' '-o' 'cmTC_dd558' '-rdynamic' '-shared-libgcc' '-mtune=generic' '-march=x86-64']
  link line: [ /opt/rh/devtoolset-9/root/usr/libexec/gcc/x86_64-redhat-linux/9/collect2 -plugin /opt/rh/devtoolset-9/root/usr/libexec/gcc/x86_64-redhat-linux/9/liblto_plugin.so -plugin-opt=/opt/rh/devtoolset-9/root/usr/libexec/gcc/x86_64-redhat-linux/9/lto-wrapper -plugin-opt=-fresolution=/tmp/cc5btKG1.res -plugin-opt=-pass-through=-lgcc_s -plugin-opt=-pass-through=-lgcc -plugin-opt=-pass-through=-lc -plugin-opt=-pass-through=-lgcc_s -plugin-opt=-pass-through=-lgcc --build-id --no-add-needed --eh-frame-hdr --hash-style=gnu -m elf_x86_64 -export-dynamic -dynamic-linker /lib64/ld-linux-x86-64.so.2 -o cmTC_dd558 /lib/../lib64/crt1.o /lib/../lib64/crti.o /opt/rh/devtoolset-9/root/usr/lib/gcc/x86_64-redhat-linux/9/crtbegin.o -L/opt/rh/devtoolset-9/root/usr/lib/gcc/x86_64-redhat-linux/9 -L/opt/rh/devtoolset-9/root/usr/lib/gcc/x86_64-redhat-linux/9/../../../../lib64 -L/lib/../lib64 -L/usr/lib/../lib64 -L/opt/rh/devtoolset-9/root/usr/lib/gcc/x86_64-redhat-linux/9/../../.. CMakeFiles/cmTC_dd558.dir/CMakeCXXCompilerABI.cpp.o -lstdc++ -lm -lgcc_s -lgcc -lc -lgcc_s -lgcc /opt/rh/devtoolset-9/root/usr/lib/gcc/x86_64-redhat-linux/9/crtend.o /lib/../lib64/crtn.o]
    arg [/opt/rh/devtoolset-9/root/usr/libexec/gcc/x86_64-redhat-linux/9/collect2] ==> ignore
    arg [-plugin] ==> ignore
    arg [/opt/rh/devtoolset-9/root/usr/libexec/gcc/x86_64-redhat-linux/9/liblto_plugin.so] ==> ignore
    arg [-plugin-opt=/opt/rh/devtoolset-9/root/usr/libexec/gcc/x86_64-redhat-linux/9/lto-wrapper] ==> ignore
    arg [-plugin-opt=-fresolution=/tmp/cc5btKG1.res] ==> ignore
    arg [-plugin-opt=-pass-through=-lgcc_s] ==> ignore
    arg [-plugin-opt=-pass-through=-lgcc] ==> ignore
    arg [-plugin-opt=-pass-through=-lc] ==> ignore
    arg [-plugin-opt=-pass-through=-lgcc_s] ==> ignore
    arg [-plugin-opt=-pass-through=-lgcc] ==> ignore
    arg [--build-id] ==> ignore
    arg [--no-add-needed] ==> ignore
    arg [--eh-frame-hdr] ==> ignore
    arg [--hash-style=gnu] ==> ignore
    arg [-m] ==> ignore
    arg [elf_x86_64] ==> ignore
    arg [-export-dynamic] ==> ignore
    arg [-dynamic-linker] ==> ignore
    arg [/lib64/ld-linux-x86-64.so.2] ==> ignore
    arg [-o] ==> ignore
    arg [cmTC_dd558] ==> ignore
    arg [/lib/../lib64/crt1.o] ==> ignore
    arg [/lib/../lib64/crti.o] ==> ignore
    arg [/opt/rh/devtoolset-9/root/usr/lib/gcc/x86_64-redhat-linux/9/crtbegin.o] ==> ignore
    arg [-L/opt/rh/devtoolset-9/root/usr/lib/gcc/x86_64-redhat-linux/9] ==> dir [/opt/rh/devtoolset-9/root/usr/lib/gcc/x86_64-redhat-linux/9]
    arg [-L/opt/rh/devtoolset-9/root/usr/lib/gcc/x86_64-redhat-linux/9/../../../../lib64] ==> dir [/opt/rh/devtoolset-9/root/usr/lib/gcc/x86_64-redhat-linux/9/../../../../lib64]
    arg [-L/lib/../lib64] ==> dir [/lib/../lib64]
    arg [-L/usr/lib/../lib64] ==> dir [/usr/lib/../lib64]
    arg [-L/opt/rh/devtoolset-9/root/usr/lib/gcc/x86_64-redhat-linux/9/../../..] ==> dir [/opt/rh/devtoolset-9/root/usr/lib/gcc/x86_64-redhat-linux/9/../../..]
    arg [CMakeFiles/cmTC_dd558.dir/CMakeCXXCompilerABI.cpp.o] ==> ignore
    arg [-lstdc++] ==> lib [stdc++]
    arg [-lm] ==> lib [m]
    arg [-lgcc_s] ==> lib [gcc_s]
    arg [-lgcc] ==> lib [gcc]
    arg [-lc] ==> lib [c]
    arg [-lgcc_s] ==> lib [gcc_s]
    arg [-lgcc] ==> lib [gcc]
    arg [/opt/rh/devtoolset-9/root/usr/lib/gcc/x86_64-redhat-linux/9/crtend.o] ==> ignore
    arg [/lib/../lib64/crtn.o] ==> ignore
  remove lib [gcc_s]
  remove lib [gcc]
  remove lib [gcc_s]
  remove lib [gcc]
  collapse library dir [/opt/rh/devtoolset-9/root/usr/lib/gcc/x86_64-redhat-linux/9] ==> [/opt/rh/devtoolset-9/root/usr/lib/gcc/x86_64-redhat-linux/9]
  collapse library dir [/opt/rh/devtoolset-9/root/usr/lib/gcc/x86_64-redhat-linux/9/../../../../lib64] ==> [/opt/rh/devtoolset-9/root/usr/lib64]
  collapse library dir [/lib/../lib64] ==> [/lib64]
  collapse library dir [/usr/lib/../lib64] ==> [/usr/lib64]
  collapse library dir [/opt/rh/devtoolset-9/root/usr/lib/gcc/x86_64-redhat-linux/9/../../..] ==> [/opt/rh/devtoolset-9/root/usr/lib]
  implicit libs: [stdc++;m;c]
  implicit dirs: [/opt/rh/devtoolset-9/root/usr/lib/gcc/x86_64-redhat-linux/9;/opt/rh/devtoolset-9/root/usr/lib64;/lib64;/usr/lib64;/opt/rh/devtoolset-9/root/usr/lib]
  implicit fwks: []




Detecting CXX [-std=c++14] compiler features compiled with the following output:
Change Dir: /home/sweet12prof/Desktop/Final/CacheSim/build/CMakeFiles/CMakeTmp

Run Build Command:"/opt/rh/devtoolset-9/root/usr/bin/gmake" "cmTC_d7143/fast"
/opt/rh/devtoolset-9/root/usr/bin/gmake -f CMakeFiles/cmTC_d7143.dir/build.make CMakeFiles/cmTC_d7143.dir/build
gmake[1]: Entering directory '/home/sweet12prof/Desktop/Final/CacheSim/build/CMakeFiles/CMakeTmp'
Building CXX object CMakeFiles/cmTC_d7143.dir/feature_tests.cxx.o
/opt/rh/devtoolset-9/root/usr/bin/g++    -std=c++14 -o CMakeFiles/cmTC_d7143.dir/feature_tests.cxx.o -c /home/sweet12prof/Desktop/Final/CacheSim/build/CMakeFiles/feature_tests.cxx
Linking CXX executable cmTC_d7143
/home/Xilinx/Vitis/2020.1/tps/lnx64/cmake-3.3.2/bin/cmake -E cmake_link_script CMakeFiles/cmTC_d7143.dir/link.txt --verbose=1
/opt/rh/devtoolset-9/root/usr/bin/g++        CMakeFiles/cmTC_d7143.dir/feature_tests.cxx.o  -o cmTC_d7143 -rdynamic 
gmake[1]: Leaving directory '/home/sweet12prof/Desktop/Final/CacheSim/build/CMakeFiles/CMakeTmp'


    Feature record: CXX_FEATURE:1cxx_aggregate_default_initializers
    Feature record: CXX_FEATURE:1cxx_alias_templates
    Feature record: CXX_FEATURE:1cxx_alignas
    Feature record: CXX_FEATURE:1cxx_alignof
    Feature record: CXX_FEATURE:1cxx_attributes
    Feature record: CXX_FEATURE:1cxx_attribute_deprecated
    Feature record: CXX_FEATURE:1cxx_auto_type
    Feature record: CXX_FEATURE:1cxx_binary_literals
    Feature record: CXX_FEATURE:1cxx_constexpr
    Feature record: CXX_FEATURE:1cxx_contextual_conversions
    Feature record: CXX_FEATURE:1cxx_decltype
    Feature record: CXX_FEATURE:1cxx_decltype_auto
    Feature record: CXX_FEATURE:1cxx_decltype_incomplete_return_types
    Feature record: CXX_FEATURE:1cxx_default_function_template_args
    Feature record: CXX_FEATURE:1cxx_defaulted_functions
    Feature record: CXX_FEATURE:1cxx_defaulted_move_initializers
    Feature record: CXX_FEATURE:1cxx_delegating_constructors
    Feature record: CXX_FEATURE:1cxx_deleted_functions
    Feature record: CXX_FEATURE:1cxx_digit_separators
    Feature record: CXX_FEATURE:1cxx_enum_forward_declarations
    Feature record: CXX_FEATURE:1cxx_explicit_conversions
    Feature record: CXX_FEATURE:1cxx_extended_friend_declarations
    Feature record: CXX_FEATURE:1cxx_extern_templates
    Feature record: CXX_FEATURE:1cxx_final
    Feature record: CXX_FEATURE:1cxx_func_identifier
    Feature record: CXX_FEATURE:1cxx_generalized_initializers
    Feature record: CXX_FEATURE:1cxx_generic_lambdas
    Feature record: CXX_FEATURE:1cxx_inheriting_constructors
    Feature record: CXX_FEATURE:1cxx_inline_namespaces
    Feature record: CXX_FEATURE:1cxx_lambdas
    Feature record: CXX_FEATURE:1cxx_lambda_init_captures
    Feature record: CXX_FEATURE:1cxx_local_type_template_args
    Feature record: CXX_FEATURE:1cxx_long_long_type
    Feature record: CXX_FEATURE:1cxx_noexcept
    Feature record: CXX_FEATURE:1cxx_nonstatic_member_init
    Feature record: CXX_FEATURE:1cxx_nullptr
    Feature record: CXX_FEATURE:1cxx_override
    Feature record: CXX_FEATURE:1cxx_range_for
    Feature record: CXX_FEATURE:1cxx_raw_string_literals
    Feature record: CXX_FEATURE:1cxx_reference_qualified_functions
    Feature record: CXX_FEATURE:1cxx_relaxed_constexpr
    Feature record: CXX_FEATURE:1cxx_return_type_deduction
    Feature record: CXX_FEATURE:1cxx_right_angle_brackets
    Feature record: CXX_FEATURE:1cxx_rvalue_references
    Feature record: CXX_FEATURE:1cxx_sizeof_member
    Feature record: CXX_FEATURE:1cxx_static_assert
    Feature record: CXX_FEATURE:1cxx_strong_enums
    Feature record: CXX_FEATURE:1cxx_template_template_parameters
    Feature record: CXX_FEATURE:1cxx_thread_local
    Feature record: CXX_FEATURE:1cxx_trailing_return_types
    Feature record: CXX_FEATURE:1cxx_unicode_literals
    Feature record: CXX_FEATURE:1cxx_uniform_initialization
    Feature record: CXX_FEATURE:1cxx_unrestricted_unions
    Feature record: CXX_FEATURE:1cxx_user_literals
    Feature record: CXX_FEATURE:1cxx_variable_templates
    Feature record: CXX_FEATURE:1cxx_variadic_macros
    Feature record: CXX_FEATURE:1cxx_variadic_templates


Detecting CXX [-std=c++11] compiler features compiled with the following output:
Change Dir: /home/sweet12prof/Desktop/Final/CacheSim/build/CMakeFiles/CMakeTmp

Run Build Command:"/opt/rh/devtoolset-9/root/usr/bin/gmake" "cmTC_31a00/fast"
/opt/rh/devtoolset-9/root/usr/bin/gmake -f CMakeFiles/cmTC_31a00.dir/build.make CMakeFiles/cmTC_31a00.dir/build
gmake[1]: Entering directory '/home/sweet12prof/Desktop/Final/CacheSim/build/CMakeFiles/CMakeTmp'
Building CXX object CMakeFiles/cmTC_31a00.dir/feature_tests.cxx.o
/opt/rh/devtoolset-9/root/usr/bin/g++    -std=c++11 -o CMakeFiles/cmTC_31a00.dir/feature_tests.cxx.o -c /home/sweet12prof/Desktop/Final/CacheSim/build/CMakeFiles/feature_tests.cxx
Linking CXX executable cmTC_31a00
/home/Xilinx/Vitis/2020.1/tps/lnx64/cmake-3.3.2/bin/cmake -E cmake_link_script CMakeFiles/cmTC_31a00.dir/link.txt --verbose=1
/opt/rh/devtoolset-9/root/usr/bin/g++        CMakeFiles/cmTC_31a00.dir/feature_tests.cxx.o  -o cmTC_31a00 -rdynamic 
gmake[1]: Leaving directory '/home/sweet12prof/Desktop/Final/CacheSim/build/CMakeFiles/CMakeTmp'


    Feature record: CXX_FEATURE:0cxx_aggregate_default_initializers
    Feature record: CXX_FEATURE:1cxx_alias_templates
    Feature record: CXX_FEATURE:1cxx_alignas
    Feature record: CXX_FEATURE:1cxx_alignof
    Feature record: CXX_FEATURE:1cxx_attributes
    Feature record: CXX_FEATURE:0cxx_attribute_deprecated
    Feature record: CXX_FEATURE:1cxx_auto_type
    Feature record: CXX_FEATURE:0cxx_binary_literals
    Feature record: CXX_FEATURE:1cxx_constexpr
    Feature record: CXX_FEATURE:0cxx_contextual_conversions
    Feature record: CXX_FEATURE:1cxx_decltype
    Feature record: CXX_FEATURE:0cxx_decltype_auto
    Feature record: CXX_FEATURE:1cxx_decltype_incomplete_return_types
    Feature record: CXX_FEATURE:1cxx_default_function_template_args
    Feature record: CXX_FEATURE:1cxx_defaulted_functions
    Feature record: CXX_FEATURE:1cxx_defaulted_move_initializers
    Feature record: CXX_FEATURE:1cxx_delegating_constructors
    Feature record: CXX_FEATURE:1cxx_deleted_functions
    Feature record: CXX_FEATURE:0cxx_digit_separators
    Feature record: CXX_FEATURE:1cxx_enum_forward_declarations
    Feature record: CXX_FEATURE:1cxx_explicit_conversions
    Feature record: CXX_FEATURE:1cxx_extended_friend_declarations
    Feature record: CXX_FEATURE:1cxx_extern_templates
    Feature record: CXX_FEATURE:1cxx_final
    Feature record: CXX_FEATURE:1cxx_func_identifier
    Feature record: CXX_FEATURE:1cxx_generalized_initializers
    Feature record: CXX_FEATURE:0cxx_generic_lambdas
    Feature record: CXX_FEATURE:1cxx_inheriting_constructors
    Feature record: CXX_FEATURE:1cxx_inline_namespaces
    Feature record: CXX_FEATURE:1cxx_lambdas
    Feature record: CXX_FEATURE:0cxx_lambda_init_captures
    Feature record: CXX_FEATURE:1cxx_local_type_template_args
    Feature record: CXX_FEATURE:1cxx_long_long_type
    Feature record: CXX_FEATURE:1cxx_noexcept
    Feature record: CXX_FEATURE:1cxx_nonstatic_member_init
    Feature record: CXX_FEATURE:1cxx_nullptr
    Feature record: CXX_FEATURE:1cxx_override
    Feature record: CXX_FEATURE:1cxx_range_for
    Feature record: CXX_FEATURE:1cxx_raw_string_literals
    Feature record: CXX_FEATURE:1cxx_reference_qualified_functions
    Feature record: CXX_FEATURE:0cxx_relaxed_constexpr
    Feature record: CXX_FEATURE:0cxx_return_type_deduction
    Feature record: CXX_FEATURE:1cxx_right_angle_brackets
    Feature record: CXX_FEATURE:1cxx_rvalue_references
    Feature record: CXX_FEATURE:1cxx_sizeof_member
    Feature record: CXX_FEATURE:1cxx_static_assert
    Feature record: CXX_FEATURE:1cxx_strong_enums
    Feature record: CXX_FEATURE:1cxx_template_template_parameters
    Feature record: CXX_FEATURE:1cxx_thread_local
    Feature record: CXX_FEATURE:1cxx_trailing_return_types
    Feature record: CXX_FEATURE:1cxx_unicode_literals
    Feature record: CXX_FEATURE:1cxx_uniform_initialization
    Feature record: CXX_FEATURE:1cxx_unrestricted_unions
    Feature record: CXX_FEATURE:1cxx_user_literals
    Feature record: CXX_FEATURE:0cxx_variable_templates
    Feature record: CXX_FEATURE:1cxx_variadic_macros
    Feature record: CXX_FEATURE:1cxx_variadic_templates


Detecting CXX [-std=c++98] compiler features compiled with the following output:
Change Dir: /home/sweet12prof/Desktop/Final/CacheSim/build/CMakeFiles/CMakeTmp

Run Build Command:"/opt/rh/devtoolset-9/root/usr/bin/gmake" "cmTC_abac9/fast"
/opt/rh/devtoolset-9/root/usr/bin/gmake -f CMakeFiles/cmTC_abac9.dir/build.make CMakeFiles/cmTC_abac9.dir/build
gmake[1]: Entering directory '/home/sweet12prof/Desktop/Final/CacheSim/build/CMakeFiles/CMakeTmp'
Building CXX object CMakeFiles/cmTC_abac9.dir/feature_tests.cxx.o
/opt/rh/devtoolset-9/root/usr/bin/g++    -std=c++98 -o CMakeFiles/cmTC_abac9.dir/feature_tests.cxx.o -c /home/sweet12prof/Desktop/Final/CacheSim/build/CMakeFiles/feature_tests.cxx
Linking CXX executable cmTC_abac9
/home/Xilinx/Vitis/2020.1/tps/lnx64/cmake-3.3.2/bin/cmake -E cmake_link_script CMakeFiles/cmTC_abac9.dir/link.txt --verbose=1
/opt/rh/devtoolset-9/root/usr/bin/g++        CMakeFiles/cmTC_abac9.dir/feature_tests.cxx.o  -o cmTC_abac9 -rdynamic 
gmake[1]: Leaving directory '/home/sweet12prof/Desktop/Final/CacheSim/build/CMakeFiles/CMakeTmp'


    Feature record: CXX_FEATURE:0cxx_aggregate_default_initializers
    Feature record: CXX_FEATURE:0cxx_alias_templates
    Feature record: CXX_FEATURE:0cxx_alignas
    Feature record: CXX_FEATURE:0cxx_alignof
    Feature record: CXX_FEATURE:0cxx_attributes
    Feature record: CXX_FEATURE:0cxx_attribute_deprecated
    Feature record: CXX_FEATURE:0cxx_auto_type
    Feature record: CXX_FEATURE:0cxx_binary_literals
    Feature record: CXX_FEATURE:0cxx_constexpr
    Feature record: CXX_FEATURE:0cxx_contextual_conversions
    Feature record: CXX_FEATURE:0cxx_decltype
    Feature record: CXX_FEATURE:0cxx_decltype_auto
    Feature record: CXX_FEATURE:0cxx_decltype_incomplete_return_types
    Feature record: CXX_FEATURE:0cxx_default_function_template_args
    Feature record: CXX_FEATURE:0cxx_defaulted_functions
    Feature record: CXX_FEATURE:0cxx_defaulted_move_initializers
    Feature record: CXX_FEATURE:0cxx_delegating_constructors
    Feature record: CXX_FEATURE:0cxx_deleted_functions
    Feature record: CXX_FEATURE:0cxx_digit_separators
    Feature record: CXX_FEATURE:0cxx_enum_forward_declarations
    Feature record: CXX_FEATURE:0cxx_explicit_conversions
    Feature record: CXX_FEATURE:0cxx_extended_friend_declarations
    Feature record: CXX_FEATURE:0cxx_extern_templates
    Feature record: CXX_FEATURE:0cxx_final
    Feature record: CXX_FEATURE:0cxx_func_identifier
    Feature record: CXX_FEATURE:0cxx_generalized_initializers
    Feature record: CXX_FEATURE:0cxx_generic_lambdas
    Feature record: CXX_FEATURE:0cxx_inheriting_constructors
    Feature record: CXX_FEATURE:0cxx_inline_namespaces
    Feature record: CXX_FEATURE:0cxx_lambdas
    Feature record: CXX_FEATURE:0cxx_lambda_init_captures
    Feature record: CXX_FEATURE:0cxx_local_type_template_args
    Feature record: CXX_FEATURE:0cxx_long_long_type
    Feature record: CXX_FEATURE:0cxx_noexcept
    Feature record: CXX_FEATURE:0cxx_nonstatic_member_init
    Feature record: CXX_FEATURE:0cxx_nullptr
    Feature record: CXX_FEATURE:0cxx_override
    Feature record: CXX_FEATURE:0cxx_range_for
    Feature record: CXX_FEATURE:0cxx_raw_string_literals
    Feature record: CXX_FEATURE:0cxx_reference_qualified_functions
    Feature record: CXX_FEATURE:0cxx_relaxed_constexpr
    Feature record: CXX_FEATURE:0cxx_return_type_deduction
    Feature record: CXX_FEATURE:0cxx_right_angle_brackets
    Feature record: CXX_FEATURE:0cxx_rvalue_references
    Feature record: CXX_FEATURE:0cxx_sizeof_member
    Feature record: CXX_FEATURE:0cxx_static_assert
    Feature record: CXX_FEATURE:0cxx_strong_enums
    Feature record: CXX_FEATURE:1cxx_template_template_parameters
    Feature record: CXX_FEATURE:0cxx_thread_local
    Feature record: CXX_FEATURE:0cxx_trailing_return_types
    Feature record: CXX_FEATURE:0cxx_unicode_literals
    Feature record: CXX_FEATURE:0cxx_uniform_initialization
    Feature record: CXX_FEATURE:0cxx_unrestricted_unions
    Feature record: CXX_FEATURE:0cxx_user_literals
    Feature record: CXX_FEATURE:0cxx_variable_templates
    Feature record: CXX_FEATURE:0cxx_variadic_macros
    Feature record: CXX_FEATURE:0cxx_variadic_templates
The system is: Windows - 10.0.19041 - AMD64
Compiling the C compiler identification source file "CMakeCCompilerId.c" succeeded.
Compiler: C:/MinGW/bin/gcc.exe 
Build flags: 
Id flags:  

The output was:
0


Compilation of the C compiler identification source "CMakeCCompilerId.c" produced "a.exe"

The C compiler identification is GNU, found in "C:/Users/TI Lab/Desktop/Project/New folder/CacheSim/Build/CMakeFiles/3.18.0-rc4/CompilerIdC/a.exe"

Compiling the CXX compiler identification source file "CMakeCXXCompilerId.cpp" succeeded.
Compiler: C:/MinGW/bin/g++.exe 
Build flags: 
Id flags:  

The output was:
0


Compilation of the CXX compiler identification source "CMakeCXXCompilerId.cpp" produced "a.exe"

The CXX compiler identification is GNU, found in "C:/Users/TI Lab/Desktop/Project/New folder/CacheSim/Build/CMakeFiles/3.18.0-rc4/CompilerIdCXX/a.exe"

Detecting C compiler ABI info compiled with the following output:
Change Dir: C:/Users/TI Lab/Desktop/Project/New folder/CacheSim/Build/CMakeFiles/CMakeTmp

Run Build Command(s):C:/MinGW/bin/mingw32-make.exe cmTC_c8172/fast && C:/MinGW/bin/mingw32-make.exe  -f CMakeFiles\cmTC_c8172.dir\build.make CMakeFiles/cmTC_c8172.dir/build
mingw32-make.exe[1]: Entering directory 'C:/Users/TI Lab/Desktop/Project/New folder/CacheSim/Build/CMakeFiles/CMakeTmp'
Building C object CMakeFiles/cmTC_c8172.dir/CMakeCCompilerABI.c.obj
C:\MinGW\bin\gcc.exe   -v -o CMakeFiles\cmTC_c8172.dir\CMakeCCompilerABI.c.obj -c "C:\Program Files\CMake\share\cmake-3.18\Modules\CMakeCCompilerABI.c"
Using built-in specs.
COLLECT_GCC=C:\MinGW\bin\gcc.exe
Target: mingw32
Configured with: ../src/gcc-8.2.0/configure --build=x86_64-pc-linux-gnu --host=mingw32 --target=mingw32 --prefix=/mingw --disable-win32-registry --with-arch=i586 --with-tune=generic --enable-languages=c,c++,objc,obj-c++,fortran,ada --with-pkgversion='MinGW.org GCC-8.2.0-5' --with-gmp=/mingw --with-mpfr=/mingw --with-mpc=/mingw --enable-static --enable-shared --enable-threads --with-dwarf2 --disable-sjlj-exceptions --enable-version-specific-runtime-libs --with-libiconv-prefix=/mingw --with-libintl-prefix=/mingw --enable-libstdcxx-debug --with-isl=/mingw --enable-libgomp --disable-libvtv --enable-nls --disable-build-format-warnings
Thread model: win32
gcc version 8.2.0 (MinGW.org GCC-8.2.0-5) 
COLLECT_GCC_OPTIONS='-v' '-o' 'CMakeFiles\cmTC_c8172.dir\CMakeCCompilerABI.c.obj' '-c' '-mtune=generic' '-march=i586'
 c:/mingw/bin/../libexec/gcc/mingw32/8.2.0/cc1.exe -quiet -v -iprefix c:\mingw\bin\../lib/gcc/mingw32/8.2.0/ C:\Program Files\CMake\share\cmake-3.18\Modules\CMakeCCompilerABI.c -quiet -dumpbase CMakeCCompilerABI.c -mtune=generic -march=i586 -auxbase-strip CMakeFiles\cmTC_c8172.dir\CMakeCCompilerABI.c.obj -version -o C:\Users\TILAB~1\AppData\Local\Temp\cceVThSt.s
GNU C17 (MinGW.org GCC-8.2.0-5) version 8.2.0 (mingw32)
	compiled by GNU C version 8.2.0, GMP version 6.1.2, MPFR version 3.1.5, MPC version 1.0.3, isl version isl-0.18-GMP

GGC heuristics: --param ggc-min-expand=100 --param ggc-min-heapsize=131072
ignoring nonexistent directory "c:\mingw\bin\../lib/gcc/mingw32/8.2.0/../../../../mingw32/include"
ignoring duplicate directory "c:/mingw/lib/gcc/../../lib/gcc/mingw32/8.2.0/include"
ignoring duplicate directory "/mingw/lib/gcc/mingw32/8.2.0/../../../../include"
ignoring duplicate directory "c:/mingw/lib/gcc/../../include"
ignoring duplicate directory "c:/mingw/lib/gcc/../../lib/gcc/mingw32/8.2.0/include-fixed"
ignoring nonexistent directory "c:/mingw/lib/gcc/../../lib/gcc/mingw32/8.2.0/../../../../mingw32/include"
ignoring duplicate directory "/mingw/include"
#include "..." search starts here:
#include <...> search starts here:
 c:\mingw\bin\../lib/gcc/mingw32/8.2.0/include
 c:\mingw\bin\../lib/gcc/mingw32/8.2.0/../../../../include
 c:\mingw\bin\../lib/gcc/mingw32/8.2.0/include-fixed
End of search list.
GNU C17 (MinGW.org GCC-8.2.0-5) version 8.2.0 (mingw32)
	compiled by GNU C version 8.2.0, GMP version 6.1.2, MPFR version 3.1.5, MPC version 1.0.3, isl version isl-0.18-GMP

GGC heuristics: --param ggc-min-expand=100 --param ggc-min-heapsize=131072
Compiler executable checksum: 88d50f904797cac3fc341345a9dc4ec1
COLLECT_GCC_OPTIONS='-v' '-o' 'CMakeFiles\cmTC_c8172.dir\CMakeCCompilerABI.c.obj' '-c' '-mtune=generic' '-march=i586'
 c:/mingw/bin/../lib/gcc/mingw32/8.2.0/../../../../mingw32/bin/as.exe -v -o CMakeFiles\cmTC_c8172.dir\CMakeCCompilerABI.c.obj C:\Users\TILAB~1\AppData\Local\Temp\cceVThSt.s
GNU assembler version 2.32 (mingw32) using BFD version (GNU Binutils) 2.32
COMPILER_PATH=c:/mingw/bin/../libexec/gcc/mingw32/8.2.0/;c:/mingw/bin/../libexec/gcc/;c:/mingw/bin/../lib/gcc/mingw32/8.2.0/../../../../mingw32/bin/
LIBRARY_PATH=c:/mingw/bin/../lib/gcc/mingw32/8.2.0/;c:/mingw/bin/../lib/gcc/;c:/mingw/bin/../lib/gcc/mingw32/8.2.0/../../../../mingw32/lib/;c:/mingw/bin/../lib/gcc/mingw32/8.2.0/../../../
COLLECT_GCC_OPTIONS='-v' '-o' 'CMakeFiles\cmTC_c8172.dir\CMakeCCompilerABI.c.obj' '-c' '-mtune=generic' '-march=i586'
Linking C executable cmTC_c8172.exe
"C:\Program Files\CMake\bin\cmake.exe" -E cmake_link_script CMakeFiles\cmTC_c8172.dir\link.txt --verbose=1
"C:\Program Files\CMake\bin\cmake.exe" -E rm -f CMakeFiles\cmTC_c8172.dir/objects.a
C:\MinGW\bin\ar.exe cr CMakeFiles\cmTC_c8172.dir/objects.a @CMakeFiles\cmTC_c8172.dir\objects1.rsp
C:\MinGW\bin\gcc.exe  -v -Wl,--whole-archive CMakeFiles\cmTC_c8172.dir/objects.a -Wl,--no-whole-archive -o cmTC_c8172.exe -Wl,--out-implib,libcmTC_c8172.dll.a -Wl,--major-image-version,0,--minor-image-version,0 
Using built-in specs.
COLLECT_GCC=C:\MinGW\bin\gcc.exe
COLLECT_LTO_WRAPPER=c:/mingw/bin/../libexec/gcc/mingw32/8.2.0/lto-wrapper.exe
Target: mingw32
Configured with: ../src/gcc-8.2.0/configure --build=x86_64-pc-linux-gnu --host=mingw32 --target=mingw32 --prefix=/mingw --disable-win32-registry --with-arch=i586 --with-tune=generic --enable-languages=c,c++,objc,obj-c++,fortran,ada --with-pkgversion='MinGW.org GCC-8.2.0-5' --with-gmp=/mingw --with-mpfr=/mingw --with-mpc=/mingw --enable-static --enable-shared --enable-threads --with-dwarf2 --disable-sjlj-exceptions --enable-version-specific-runtime-libs --with-libiconv-prefix=/mingw --with-libintl-prefix=/mingw --enable-libstdcxx-debug --with-isl=/mingw --enable-libgomp --disable-libvtv --enable-nls --disable-build-format-warnings
Thread model: win32
gcc version 8.2.0 (MinGW.org GCC-8.2.0-5) 
COMPILER_PATH=c:/mingw/bin/../libexec/gcc/mingw32/8.2.0/;c:/mingw/bin/../libexec/gcc/;c:/mingw/bin/../lib/gcc/mingw32/8.2.0/../../../../mingw32/bin/
LIBRARY_PATH=c:/mingw/bin/../lib/gcc/mingw32/8.2.0/;c:/mingw/bin/../lib/gcc/;c:/mingw/bin/../lib/gcc/mingw32/8.2.0/../../../../mingw32/lib/;c:/mingw/bin/../lib/gcc/mingw32/8.2.0/../../../
COLLECT_GCC_OPTIONS='-v' '-o' 'cmTC_c8172.exe' '-mtune=generic' '-march=i586'
 c:/mingw/bin/../libexec/gcc/mingw32/8.2.0/collect2.exe -plugin c:/mingw/bin/../libexec/gcc/mingw32/8.2.0/liblto_plugin-0.dll -plugin-opt=c:/mingw/bin/../libexec/gcc/mingw32/8.2.0/lto-wrapper.exe -plugin-opt=-fresolution=C:\Users\TILAB~1\AppData\Local\Temp\ccM85ig2.res -plugin-opt=-pass-through=-lmingw32 -plugin-opt=-pass-through=-lgcc -plugin-opt=-pass-through=-lgcc_eh -plugin-opt=-pass-through=-lmoldname -plugin-opt=-pass-through=-lmingwex -plugin-opt=-pass-through=-lmsvcrt -plugin-opt=-pass-through=-ladvapi32 -plugin-opt=-pass-through=-lshell32 -plugin-opt=-pass-through=-luser32 -plugin-opt=-pass-through=-lkernel32 -plugin-opt=-pass-through=-lmingw32 -plugin-opt=-pass-through=-lgcc -plugin-opt=-pass-through=-lgcc_eh -plugin-opt=-pass-through=-lmoldname -plugin-opt=-pass-through=-lmingwex -plugin-opt=-pass-through=-lmsvcrt -Bdynamic -o cmTC_c8172.exe c:/mingw/bin/../lib/gcc/mingw32/8.2.0/../../../crt2.o c:/mingw/bin/../lib/gcc/mingw32/8.2.0/crtbegin.o -Lc:/mingw/bin/../lib/gcc/mingw32/8.2.0 -Lc:/mingw/bin/../lib/gcc -Lc:/mingw/bin/../lib/gcc/mingw32/8.2.0/../../../../mingw32/lib -Lc:/mingw/bin/../lib/gcc/mingw32/8.2.0/../../.. --whole-archive CMakeFiles\cmTC_c8172.dir/objects.a --no-whole-archive --out-implib libcmTC_c8172.dll.a --major-image-version 0 --minor-image-version 0 -lmingw32 -lgcc -lgcc_eh -lmoldname -lmingwex -lmsvcrt -ladvapi32 -lshell32 -luser32 -lkernel32 -lmingw32 -lgcc -lgcc_eh -lmoldname -lmingwex -lmsvcrt c:/mingw/bin/../lib/gcc/mingw32/8.2.0/crtend.o
COLLECT_GCC_OPTIONS='-v' '-o' 'cmTC_c8172.exe' '-mtune=generic' '-march=i586'
mingw32-make.exe[1]: Leaving directory 'C:/Users/TI Lab/Desktop/Project/New folder/CacheSim/Build/CMakeFiles/CMakeTmp'



Parsed C implicit include dir info from above output: rv=done
  found start of include info
  found start of implicit include info
    add: [c:/mingw/bin/../lib/gcc/mingw32/8.2.0/include]
    add: [c:/mingw/bin/../lib/gcc/mingw32/8.2.0/../../../../include]
    add: [c:/mingw/bin/../lib/gcc/mingw32/8.2.0/include-fixed]
  end of search list found
  collapse include dir [c:/mingw/bin/../lib/gcc/mingw32/8.2.0/include] ==> [C:/MinGW/lib/gcc/mingw32/8.2.0/include]
  collapse include dir [c:/mingw/bin/../lib/gcc/mingw32/8.2.0/../../../../include] ==> [C:/MinGW/include]
  collapse include dir [c:/mingw/bin/../lib/gcc/mingw32/8.2.0/include-fixed] ==> [C:/MinGW/lib/gcc/mingw32/8.2.0/include-fixed]
  implicit include dirs: [C:/MinGW/lib/gcc/mingw32/8.2.0/include;C:/MinGW/include;C:/MinGW/lib/gcc/mingw32/8.2.0/include-fixed]


Parsed C implicit link information from above output:
  link line regex: [^( *|.*[/\])(ld\.exe|CMAKE_LINK_STARTFILE-NOTFOUND|([^/\]+-)?ld|collect2)[^/\]*( |$)]
  ignore line: [Change Dir: C:/Users/TI Lab/Desktop/Project/New folder/CacheSim/Build/CMakeFiles/CMakeTmp]
  ignore line: []
  ignore line: [Run Build Command(s):C:/MinGW/bin/mingw32-make.exe cmTC_c8172/fast && C:/MinGW/bin/mingw32-make.exe  -f CMakeFiles\cmTC_c8172.dir\build.make CMakeFiles/cmTC_c8172.dir/build]
  ignore line: [mingw32-make.exe[1]: Entering directory 'C:/Users/TI Lab/Desktop/Project/New folder/CacheSim/Build/CMakeFiles/CMakeTmp']
  ignore line: [Building C object CMakeFiles/cmTC_c8172.dir/CMakeCCompilerABI.c.obj]
  ignore line: [C:\MinGW\bin\gcc.exe   -v -o CMakeFiles\cmTC_c8172.dir\CMakeCCompilerABI.c.obj -c "C:\Program Files\CMake\share\cmake-3.18\Modules\CMakeCCompilerABI.c"]
  ignore line: [Using built-in specs.]
  ignore line: [COLLECT_GCC=C:\MinGW\bin\gcc.exe]
  ignore line: [Target: mingw32]
  ignore line: [Configured with: ../src/gcc-8.2.0/configure --build=x86_64-pc-linux-gnu --host=mingw32 --target=mingw32 --prefix=/mingw --disable-win32-registry --with-arch=i586 --with-tune=generic --enable-languages=c c++ objc obj-c++ fortran ada --with-pkgversion='MinGW.org GCC-8.2.0-5' --with-gmp=/mingw --with-mpfr=/mingw --with-mpc=/mingw --enable-static --enable-shared --enable-threads --with-dwarf2 --disable-sjlj-exceptions --enable-version-specific-runtime-libs --with-libiconv-prefix=/mingw --with-libintl-prefix=/mingw --enable-libstdcxx-debug --with-isl=/mingw --enable-libgomp --disable-libvtv --enable-nls --disable-build-format-warnings]
  ignore line: [Thread model: win32]
  ignore line: [gcc version 8.2.0 (MinGW.org GCC-8.2.0-5) ]
  ignore line: [COLLECT_GCC_OPTIONS='-v' '-o' 'CMakeFiles\cmTC_c8172.dir\CMakeCCompilerABI.c.obj' '-c' '-mtune=generic' '-march=i586']
  ignore line: [ c:/mingw/bin/../libexec/gcc/mingw32/8.2.0/cc1.exe -quiet -v -iprefix c:\mingw\bin\../lib/gcc/mingw32/8.2.0/ C:\Program Files\CMake\share\cmake-3.18\Modules\CMakeCCompilerABI.c -quiet -dumpbase CMakeCCompilerABI.c -mtune=generic -march=i586 -auxbase-strip CMakeFiles\cmTC_c8172.dir\CMakeCCompilerABI.c.obj -version -o C:\Users\TILAB~1\AppData\Local\Temp\cceVThSt.s]
  ignore line: [GNU C17 (MinGW.org GCC-8.2.0-5) version 8.2.0 (mingw32)]
  ignore line: [	compiled by GNU C version 8.2.0  GMP version 6.1.2  MPFR version 3.1.5  MPC version 1.0.3  isl version isl-0.18-GMP]
  ignore line: []
  ignore line: [GGC heuristics: --param ggc-min-expand=100 --param ggc-min-heapsize=131072]
  ignore line: [ignoring nonexistent directory "c:\mingw\bin\../lib/gcc/mingw32/8.2.0/../../../../mingw32/include"]
  ignore line: [ignoring duplicate directory "c:/mingw/lib/gcc/../../lib/gcc/mingw32/8.2.0/include"]
  ignore line: [ignoring duplicate directory "/mingw/lib/gcc/mingw32/8.2.0/../../../../include"]
  ignore line: [ignoring duplicate directory "c:/mingw/lib/gcc/../../include"]
  ignore line: [ignoring duplicate directory "c:/mingw/lib/gcc/../../lib/gcc/mingw32/8.2.0/include-fixed"]
  ignore line: [ignoring nonexistent directory "c:/mingw/lib/gcc/../../lib/gcc/mingw32/8.2.0/../../../../mingw32/include"]
  ignore line: [ignoring duplicate directory "/mingw/include"]
  ignore line: [#include "..." search starts here:]
  ignore line: [#include <...> search starts here:]
  ignore line: [ c:\mingw\bin\../lib/gcc/mingw32/8.2.0/include]
  ignore line: [ c:\mingw\bin\../lib/gcc/mingw32/8.2.0/../../../../include]
  ignore line: [ c:\mingw\bin\../lib/gcc/mingw32/8.2.0/include-fixed]
  ignore line: [End of search list.]
  ignore line: [GNU C17 (MinGW.org GCC-8.2.0-5) version 8.2.0 (mingw32)]
  ignore line: [	compiled by GNU C version 8.2.0  GMP version 6.1.2  MPFR version 3.1.5  MPC version 1.0.3  isl version isl-0.18-GMP]
  ignore line: []
  ignore line: [GGC heuristics: --param ggc-min-expand=100 --param ggc-min-heapsize=131072]
  ignore line: [Compiler executable checksum: 88d50f904797cac3fc341345a9dc4ec1]
  ignore line: [COLLECT_GCC_OPTIONS='-v' '-o' 'CMakeFiles\cmTC_c8172.dir\CMakeCCompilerABI.c.obj' '-c' '-mtune=generic' '-march=i586']
  ignore line: [ c:/mingw/bin/../lib/gcc/mingw32/8.2.0/../../../../mingw32/bin/as.exe -v -o CMakeFiles\cmTC_c8172.dir\CMakeCCompilerABI.c.obj C:\Users\TILAB~1\AppData\Local\Temp\cceVThSt.s]
  ignore line: [GNU assembler version 2.32 (mingw32) using BFD version (GNU Binutils) 2.32]
  ignore line: [COMPILER_PATH=c:/mingw/bin/../libexec/gcc/mingw32/8.2.0/]
  ignore line: [c:/mingw/bin/../libexec/gcc/]
  ignore line: [c:/mingw/bin/../lib/gcc/mingw32/8.2.0/../../../../mingw32/bin/]
  ignore line: [LIBRARY_PATH=c:/mingw/bin/../lib/gcc/mingw32/8.2.0/]
  ignore line: [c:/mingw/bin/../lib/gcc/]
  ignore line: [c:/mingw/bin/../lib/gcc/mingw32/8.2.0/../../../../mingw32/lib/]
  ignore line: [c:/mingw/bin/../lib/gcc/mingw32/8.2.0/../../../]
  ignore line: [COLLECT_GCC_OPTIONS='-v' '-o' 'CMakeFiles\cmTC_c8172.dir\CMakeCCompilerABI.c.obj' '-c' '-mtune=generic' '-march=i586']
  ignore line: [Linking C executable cmTC_c8172.exe]
  ignore line: ["C:\Program Files\CMake\bin\cmake.exe" -E cmake_link_script CMakeFiles\cmTC_c8172.dir\link.txt --verbose=1]
  ignore line: ["C:\Program Files\CMake\bin\cmake.exe" -E rm -f CMakeFiles\cmTC_c8172.dir/objects.a]
  ignore line: [C:\MinGW\bin\ar.exe cr CMakeFiles\cmTC_c8172.dir/objects.a @CMakeFiles\cmTC_c8172.dir\objects1.rsp]
  ignore line: [C:\MinGW\bin\gcc.exe  -v -Wl --whole-archive CMakeFiles\cmTC_c8172.dir/objects.a -Wl --no-whole-archive -o cmTC_c8172.exe -Wl --out-implib libcmTC_c8172.dll.a -Wl --major-image-version 0 --minor-image-version 0 ]
  ignore line: [Using built-in specs.]
  ignore line: [COLLECT_GCC=C:\MinGW\bin\gcc.exe]
  ignore line: [COLLECT_LTO_WRAPPER=c:/mingw/bin/../libexec/gcc/mingw32/8.2.0/lto-wrapper.exe]
  ignore line: [Target: mingw32]
  ignore line: [Configured with: ../src/gcc-8.2.0/configure --build=x86_64-pc-linux-gnu --host=mingw32 --target=mingw32 --prefix=/mingw --disable-win32-registry --with-arch=i586 --with-tune=generic --enable-languages=c c++ objc obj-c++ fortran ada --with-pkgversion='MinGW.org GCC-8.2.0-5' --with-gmp=/mingw --with-mpfr=/mingw --with-mpc=/mingw --enable-static --enable-shared --enable-threads --with-dwarf2 --disable-sjlj-exceptions --enable-version-specific-runtime-libs --with-libiconv-prefix=/mingw --with-libintl-prefix=/mingw --enable-libstdcxx-debug --with-isl=/mingw --enable-libgomp --disable-libvtv --enable-nls --disable-build-format-warnings]
  ignore line: [Thread model: win32]
  ignore line: [gcc version 8.2.0 (MinGW.org GCC-8.2.0-5) ]
  ignore line: [COMPILER_PATH=c:/mingw/bin/../libexec/gcc/mingw32/8.2.0/]
  ignore line: [c:/mingw/bin/../libexec/gcc/]
  ignore line: [c:/mingw/bin/../lib/gcc/mingw32/8.2.0/../../../../mingw32/bin/]
  ignore line: [LIBRARY_PATH=c:/mingw/bin/../lib/gcc/mingw32/8.2.0/]
  ignore line: [c:/mingw/bin/../lib/gcc/]
  ignore line: [c:/mingw/bin/../lib/gcc/mingw32/8.2.0/../../../../mingw32/lib/]
  ignore line: [c:/mingw/bin/../lib/gcc/mingw32/8.2.0/../../../]
  ignore line: [COLLECT_GCC_OPTIONS='-v' '-o' 'cmTC_c8172.exe' '-mtune=generic' '-march=i586']
  link line: [ c:/mingw/bin/../libexec/gcc/mingw32/8.2.0/collect2.exe -plugin c:/mingw/bin/../libexec/gcc/mingw32/8.2.0/liblto_plugin-0.dll -plugin-opt=c:/mingw/bin/../libexec/gcc/mingw32/8.2.0/lto-wrapper.exe -plugin-opt=-fresolution=C:\Users\TILAB~1\AppData\Local\Temp\ccM85ig2.res -plugin-opt=-pass-through=-lmingw32 -plugin-opt=-pass-through=-lgcc -plugin-opt=-pass-through=-lgcc_eh -plugin-opt=-pass-through=-lmoldname -plugin-opt=-pass-through=-lmingwex -plugin-opt=-pass-through=-lmsvcrt -plugin-opt=-pass-through=-ladvapi32 -plugin-opt=-pass-through=-lshell32 -plugin-opt=-pass-through=-luser32 -plugin-opt=-pass-through=-lkernel32 -plugin-opt=-pass-through=-lmingw32 -plugin-opt=-pass-through=-lgcc -plugin-opt=-pass-through=-lgcc_eh -plugin-opt=-pass-through=-lmoldname -plugin-opt=-pass-through=-lmingwex -plugin-opt=-pass-through=-lmsvcrt -Bdynamic -o cmTC_c8172.exe c:/mingw/bin/../lib/gcc/mingw32/8.2.0/../../../crt2.o c:/mingw/bin/../lib/gcc/mingw32/8.2.0/crtbegin.o -Lc:/mingw/bin/../lib/gcc/mingw32/8.2.0 -Lc:/mingw/bin/../lib/gcc -Lc:/mingw/bin/../lib/gcc/mingw32/8.2.0/../../../../mingw32/lib -Lc:/mingw/bin/../lib/gcc/mingw32/8.2.0/../../.. --whole-archive CMakeFiles\cmTC_c8172.dir/objects.a --no-whole-archive --out-implib libcmTC_c8172.dll.a --major-image-version 0 --minor-image-version 0 -lmingw32 -lgcc -lgcc_eh -lmoldname -lmingwex -lmsvcrt -ladvapi32 -lshell32 -luser32 -lkernel32 -lmingw32 -lgcc -lgcc_eh -lmoldname -lmingwex -lmsvcrt c:/mingw/bin/../lib/gcc/mingw32/8.2.0/crtend.o]
    arg [c:/mingw/bin/../libexec/gcc/mingw32/8.2.0/collect2.exe] ==> ignore
    arg [-plugin] ==> ignore
    arg [c:/mingw/bin/../libexec/gcc/mingw32/8.2.0/liblto_plugin-0.dll] ==> ignore
    arg [-plugin-opt=c:/mingw/bin/../libexec/gcc/mingw32/8.2.0/lto-wrapper.exe] ==> ignore
    arg [-plugin-opt=-fresolution=C:\Users\TILAB~1\AppData\Local\Temp\ccM85ig2.res] ==> ignore
    arg [-plugin-opt=-pass-through=-lmingw32] ==> ignore
    arg [-plugin-opt=-pass-through=-lgcc] ==> ignore
    arg [-plugin-opt=-pass-through=-lgcc_eh] ==> ignore
    arg [-plugin-opt=-pass-through=-lmoldname] ==> ignore
    arg [-plugin-opt=-pass-through=-lmingwex] ==> ignore
    arg [-plugin-opt=-pass-through=-lmsvcrt] ==> ignore
    arg [-plugin-opt=-pass-through=-ladvapi32] ==> ignore
    arg [-plugin-opt=-pass-through=-lshell32] ==> ignore
    arg [-plugin-opt=-pass-through=-luser32] ==> ignore
    arg [-plugin-opt=-pass-through=-lkernel32] ==> ignore
    arg [-plugin-opt=-pass-through=-lmingw32] ==> ignore
    arg [-plugin-opt=-pass-through=-lgcc] ==> ignore
    arg [-plugin-opt=-pass-through=-lgcc_eh] ==> ignore
    arg [-plugin-opt=-pass-through=-lmoldname] ==> ignore
    arg [-plugin-opt=-pass-through=-lmingwex] ==> ignore
    arg [-plugin-opt=-pass-through=-lmsvcrt] ==> ignore
    arg [-Bdynamic] ==> ignore
    arg [-o] ==> ignore
    arg [cmTC_c8172.exe] ==> ignore
    arg [c:/mingw/bin/../lib/gcc/mingw32/8.2.0/../../../crt2.o] ==> ignore
    arg [c:/mingw/bin/../lib/gcc/mingw32/8.2.0/crtbegin.o] ==> ignore
    arg [-Lc:/mingw/bin/../lib/gcc/mingw32/8.2.0] ==> dir [c:/mingw/bin/../lib/gcc/mingw32/8.2.0]
    arg [-Lc:/mingw/bin/../lib/gcc] ==> dir [c:/mingw/bin/../lib/gcc]
    arg [-Lc:/mingw/bin/../lib/gcc/mingw32/8.2.0/../../../../mingw32/lib] ==> dir [c:/mingw/bin/../lib/gcc/mingw32/8.2.0/../../../../mingw32/lib]
    arg [-Lc:/mingw/bin/../lib/gcc/mingw32/8.2.0/../../..] ==> dir [c:/mingw/bin/../lib/gcc/mingw32/8.2.0/../../..]
    arg [--whole-archive] ==> ignore
    arg [CMakeFiles\cmTC_c8172.dir/objects.a] ==> ignore
    arg [--no-whole-archive] ==> ignore
    arg [--out-implib] ==> ignore
    arg [libcmTC_c8172.dll.a] ==> ignore
    arg [--major-image-version] ==> ignore
    arg [0] ==> ignore
    arg [--minor-image-version] ==> ignore
    arg [0] ==> ignore
    arg [-lmingw32] ==> lib [mingw32]
    arg [-lgcc] ==> lib [gcc]
    arg [-lgcc_eh] ==> lib [gcc_eh]
    arg [-lmoldname] ==> lib [moldname]
    arg [-lmingwex] ==> lib [mingwex]
    arg [-lmsvcrt] ==> lib [msvcrt]
    arg [-ladvapi32] ==> lib [advapi32]
    arg [-lshell32] ==> lib [shell32]
    arg [-luser32] ==> lib [user32]
    arg [-lkernel32] ==> lib [kernel32]
    arg [-lmingw32] ==> lib [mingw32]
    arg [-lgcc] ==> lib [gcc]
    arg [-lgcc_eh] ==> lib [gcc_eh]
    arg [-lmoldname] ==> lib [moldname]
    arg [-lmingwex] ==> lib [mingwex]
    arg [-lmsvcrt] ==> lib [msvcrt]
    arg [c:/mingw/bin/../lib/gcc/mingw32/8.2.0/crtend.o] ==> ignore
  remove lib [gcc_eh]
  remove lib [msvcrt]
  remove lib [gcc_eh]
  remove lib [msvcrt]
  collapse library dir [c:/mingw/bin/../lib/gcc/mingw32/8.2.0] ==> [C:/MinGW/lib/gcc/mingw32/8.2.0]
  collapse library dir [c:/mingw/bin/../lib/gcc] ==> [C:/MinGW/lib/gcc]
  collapse library dir [c:/mingw/bin/../lib/gcc/mingw32/8.2.0/../../../../mingw32/lib] ==> [C:/MinGW/mingw32/lib]
  collapse library dir [c:/mingw/bin/../lib/gcc/mingw32/8.2.0/../../..] ==> [C:/MinGW/lib]
  implicit libs: [mingw32;gcc;moldname;mingwex;advapi32;shell32;user32;kernel32;mingw32;gcc;moldname;mingwex]
  implicit dirs: [C:/MinGW/lib/gcc/mingw32/8.2.0;C:/MinGW/lib/gcc;C:/MinGW/mingw32/lib;C:/MinGW/lib]
  implicit fwks: []


Detecting CXX compiler ABI info compiled with the following output:
Change Dir: C:/Users/TI Lab/Desktop/Project/New folder/CacheSim/Build/CMakeFiles/CMakeTmp

Run Build Command(s):C:/MinGW/bin/mingw32-make.exe cmTC_66c0c/fast && C:/MinGW/bin/mingw32-make.exe  -f CMakeFiles\cmTC_66c0c.dir\build.make CMakeFiles/cmTC_66c0c.dir/build
mingw32-make.exe[1]: Entering directory 'C:/Users/TI Lab/Desktop/Project/New folder/CacheSim/Build/CMakeFiles/CMakeTmp'
Building CXX object CMakeFiles/cmTC_66c0c.dir/CMakeCXXCompilerABI.cpp.obj
C:\MinGW\bin\g++.exe   -v -o CMakeFiles\cmTC_66c0c.dir\CMakeCXXCompilerABI.cpp.obj -c "C:\Program Files\CMake\share\cmake-3.18\Modules\CMakeCXXCompilerABI.cpp"
Using built-in specs.
COLLECT_GCC=C:\MinGW\bin\g++.exe
Target: mingw32
Configured with: ../src/gcc-8.2.0/configure --build=x86_64-pc-linux-gnu --host=mingw32 --target=mingw32 --prefix=/mingw --disable-win32-registry --with-arch=i586 --with-tune=generic --enable-languages=c,c++,objc,obj-c++,fortran,ada --with-pkgversion='MinGW.org GCC-8.2.0-5' --with-gmp=/mingw --with-mpfr=/mingw --with-mpc=/mingw --enable-static --enable-shared --enable-threads --with-dwarf2 --disable-sjlj-exceptions --enable-version-specific-runtime-libs --with-libiconv-prefix=/mingw --with-libintl-prefix=/mingw --enable-libstdcxx-debug --with-isl=/mingw --enable-libgomp --disable-libvtv --enable-nls --disable-build-format-warnings
Thread model: win32
gcc version 8.2.0 (MinGW.org GCC-8.2.0-5) 
COLLECT_GCC_OPTIONS='-v' '-o' 'CMakeFiles\cmTC_66c0c.dir\CMakeCXXCompilerABI.cpp.obj' '-c' '-shared-libgcc' '-mtune=generic' '-march=i586'
 c:/mingw/bin/../libexec/gcc/mingw32/8.2.0/cc1plus.exe -quiet -v -iprefix c:\mingw\bin\../lib/gcc/mingw32/8.2.0/ C:\Program Files\CMake\share\cmake-3.18\Modules\CMakeCXXCompilerABI.cpp -quiet -dumpbase CMakeCXXCompilerABI.cpp -mtune=generic -march=i586 -auxbase-strip CMakeFiles\cmTC_66c0c.dir\CMakeCXXCompilerABI.cpp.obj -version -o C:\Users\TILAB~1\AppData\Local\Temp\cchcd0WR.s
GNU C++14 (MinGW.org GCC-8.2.0-5) version 8.2.0 (mingw32)
	compiled by GNU C version 8.2.0, GMP version 6.1.2, MPFR version 3.1.5, MPC version 1.0.3, isl version isl-0.18-GMP

GGC heuristics: --param ggc-min-expand=100 --param ggc-min-heapsize=131072
ignoring nonexistent directory "c:\mingw\bin\../lib/gcc/mingw32/8.2.0/../../../../mingw32/include"
ignoring duplicate directory "c:/mingw/lib/gcc/../../lib/gcc/mingw32/8.2.0/include/c++"
ignoring duplicate directory "c:/mingw/lib/gcc/../../lib/gcc/mingw32/8.2.0/include/c++/mingw32"
ignoring duplicate directory "c:/mingw/lib/gcc/../../lib/gcc/mingw32/8.2.0/include/c++/backward"
ignoring duplicate directory "c:/mingw/lib/gcc/../../lib/gcc/mingw32/8.2.0/include"
ignoring duplicate directory "/mingw/lib/gcc/mingw32/8.2.0/../../../../include"
ignoring duplicate directory "c:/mingw/lib/gcc/../../include"
ignoring duplicate directory "c:/mingw/lib/gcc/../../lib/gcc/mingw32/8.2.0/include-fixed"
ignoring nonexistent directory "c:/mingw/lib/gcc/../../lib/gcc/mingw32/8.2.0/../../../../mingw32/include"
ignoring duplicate directory "/mingw/include"
#include "..." search starts here:
#include <...> search starts here:
 c:\mingw\bin\../lib/gcc/mingw32/8.2.0/include/c++
 c:\mingw\bin\../lib/gcc/mingw32/8.2.0/include/c++/mingw32
 c:\mingw\bin\../lib/gcc/mingw32/8.2.0/include/c++/backward
 c:\mingw\bin\../lib/gcc/mingw32/8.2.0/include
 c:\mingw\bin\../lib/gcc/mingw32/8.2.0/../../../../include
 c:\mingw\bin\../lib/gcc/mingw32/8.2.0/include-fixed
End of search list.
GNU C++14 (MinGW.org GCC-8.2.0-5) version 8.2.0 (mingw32)
	compiled by GNU C version 8.2.0, GMP version 6.1.2, MPFR version 3.1.5, MPC version 1.0.3, isl version isl-0.18-GMP

GGC heuristics: --param ggc-min-expand=100 --param ggc-min-heapsize=131072
Compiler executable checksum: 1aab1d81d4f13e2c95d138c5bfb5463a
COLLECT_GCC_OPTIONS='-v' '-o' 'CMakeFiles\cmTC_66c0c.dir\CMakeCXXCompilerABI.cpp.obj' '-c' '-shared-libgcc' '-mtune=generic' '-march=i586'
 c:/mingw/bin/../lib/gcc/mingw32/8.2.0/../../../../mingw32/bin/as.exe -v -o CMakeFiles\cmTC_66c0c.dir\CMakeCXXCompilerABI.cpp.obj C:\Users\TILAB~1\AppData\Local\Temp\cchcd0WR.s
GNU assembler version 2.32 (mingw32) using BFD version (GNU Binutils) 2.32
COMPILER_PATH=c:/mingw/bin/../libexec/gcc/mingw32/8.2.0/;c:/mingw/bin/../libexec/gcc/;c:/mingw/bin/../lib/gcc/mingw32/8.2.0/../../../../mingw32/bin/
LIBRARY_PATH=c:/mingw/bin/../lib/gcc/mingw32/8.2.0/;c:/mingw/bin/../lib/gcc/;c:/mingw/bin/../lib/gcc/mingw32/8.2.0/../../../../mingw32/lib/;c:/mingw/bin/../lib/gcc/mingw32/8.2.0/../../../
COLLECT_GCC_OPTIONS='-v' '-o' 'CMakeFiles\cmTC_66c0c.dir\CMakeCXXCompilerABI.cpp.obj' '-c' '-shared-libgcc' '-mtune=generic' '-march=i586'
Linking CXX executable cmTC_66c0c.exe
"C:\Program Files\CMake\bin\cmake.exe" -E cmake_link_script CMakeFiles\cmTC_66c0c.dir\link.txt --verbose=1
"C:\Program Files\CMake\bin\cmake.exe" -E rm -f CMakeFiles\cmTC_66c0c.dir/objects.a
C:\MinGW\bin\ar.exe cr CMakeFiles\cmTC_66c0c.dir/objects.a @CMakeFiles\cmTC_66c0c.dir\objects1.rsp
C:\MinGW\bin\g++.exe  -v -Wl,--whole-archive CMakeFiles\cmTC_66c0c.dir/objects.a -Wl,--no-whole-archive -o cmTC_66c0c.exe -Wl,--out-implib,libcmTC_66c0c.dll.a -Wl,--major-image-version,0,--minor-image-version,0 
Using built-in specs.
COLLECT_GCC=C:\MinGW\bin\g++.exe
COLLECT_LTO_WRAPPER=c:/mingw/bin/../libexec/gcc/mingw32/8.2.0/lto-wrapper.exe
Target: mingw32
Configured with: ../src/gcc-8.2.0/configure --build=x86_64-pc-linux-gnu --host=mingw32 --target=mingw32 --prefix=/mingw --disable-win32-registry --with-arch=i586 --with-tune=generic --enable-languages=c,c++,objc,obj-c++,fortran,ada --with-pkgversion='MinGW.org GCC-8.2.0-5' --with-gmp=/mingw --with-mpfr=/mingw --with-mpc=/mingw --enable-static --enable-shared --enable-threads --with-dwarf2 --disable-sjlj-exceptions --enable-version-specific-runtime-libs --with-libiconv-prefix=/mingw --with-libintl-prefix=/mingw --enable-libstdcxx-debug --with-isl=/mingw --enable-libgomp --disable-libvtv --enable-nls --disable-build-format-warnings
Thread model: win32
gcc version 8.2.0 (MinGW.org GCC-8.2.0-5) 
COMPILER_PATH=c:/mingw/bin/../libexec/gcc/mingw32/8.2.0/;c:/mingw/bin/../libexec/gcc/;c:/mingw/bin/../lib/gcc/mingw32/8.2.0/../../../../mingw32/bin/
LIBRARY_PATH=c:/mingw/bin/../lib/gcc/mingw32/8.2.0/;c:/mingw/bin/../lib/gcc/;c:/mingw/bin/../lib/gcc/mingw32/8.2.0/../../../../mingw32/lib/;c:/mingw/bin/../lib/gcc/mingw32/8.2.0/../../../
COLLECT_GCC_OPTIONS='-v' '-o' 'cmTC_66c0c.exe' '-shared-libgcc' '-mtune=generic' '-march=i586'
 c:/mingw/bin/../libexec/gcc/mingw32/8.2.0/collect2.exe -plugin c:/mingw/bin/../libexec/gcc/mingw32/8.2.0/liblto_plugin-0.dll -plugin-opt=c:/mingw/bin/../libexec/gcc/mingw32/8.2.0/lto-wrapper.exe -plugin-opt=-fresolution=C:\Users\TILAB~1\AppData\Local\Temp\cc5jgsva.res -plugin-opt=-pass-through=-lmingw32 -plugin-opt=-pass-through=-lgcc_s -plugin-opt=-pass-through=-lgcc -plugin-opt=-pass-through=-lmoldname -plugin-opt=-pass-through=-lmingwex -plugin-opt=-pass-through=-lmsvcrt -plugin-opt=-pass-through=-ladvapi32 -plugin-opt=-pass-through=-lshell32 -plugin-opt=-pass-through=-luser32 -plugin-opt=-pass-through=-lkernel32 -plugin-opt=-pass-through=-lmingw32 -plugin-opt=-pass-through=-lgcc_s -plugin-opt=-pass-through=-lgcc -plugin-opt=-pass-through=-lmoldname -plugin-opt=-pass-through=-lmingwex -plugin-opt=-pass-through=-lmsvcrt -Bdynamic -u ___register_frame_info -u ___deregister_frame_info -o cmTC_66c0c.exe c:/mingw/bin/../lib/gcc/mingw32/8.2.0/../../../crt2.o c:/mingw/bin/../lib/gcc/mingw32/8.2.0/crtbegin.o -Lc:/mingw/bin/../lib/gcc/mingw32/8.2.0 -Lc:/mingw/bin/../lib/gcc -Lc:/mingw/bin/../lib/gcc/mingw32/8.2.0/../../../../mingw32/lib -Lc:/mingw/bin/../lib/gcc/mingw32/8.2.0/../../.. --whole-archive CMakeFiles\cmTC_66c0c.dir/objects.a --no-whole-archive --out-implib libcmTC_66c0c.dll.a --major-image-version 0 --minor-image-version 0 -lstdc++ -lmingw32 -lgcc_s -lgcc -lmoldname -lmingwex -lmsvcrt -ladvapi32 -lshell32 -luser32 -lkernel32 -lmingw32 -lgcc_s -lgcc -lmoldname -lmingwex -lmsvcrt c:/mingw/bin/../lib/gcc/mingw32/8.2.0/crtend.o
COLLECT_GCC_OPTIONS='-v' '-o' 'cmTC_66c0c.exe' '-shared-libgcc' '-mtune=generic' '-march=i586'
mingw32-make.exe[1]: Leaving directory 'C:/Users/TI Lab/Desktop/Project/New folder/CacheSim/Build/CMakeFiles/CMakeTmp'



Parsed CXX implicit include dir info from above output: rv=done
  found start of include info
  found start of implicit include info
    add: [c:/mingw/bin/../lib/gcc/mingw32/8.2.0/include/c++]
    add: [c:/mingw/bin/../lib/gcc/mingw32/8.2.0/include/c++/mingw32]
    add: [c:/mingw/bin/../lib/gcc/mingw32/8.2.0/include/c++/backward]
    add: [c:/mingw/bin/../lib/gcc/mingw32/8.2.0/include]
    add: [c:/mingw/bin/../lib/gcc/mingw32/8.2.0/../../../../include]
    add: [c:/mingw/bin/../lib/gcc/mingw32/8.2.0/include-fixed]
  end of search list found
  collapse include dir [c:/mingw/bin/../lib/gcc/mingw32/8.2.0/include/c++] ==> [C:/MinGW/lib/gcc/mingw32/8.2.0/include/c++]
  collapse include dir [c:/mingw/bin/../lib/gcc/mingw32/8.2.0/include/c++/mingw32] ==> [C:/MinGW/lib/gcc/mingw32/8.2.0/include/c++/mingw32]
  collapse include dir [c:/mingw/bin/../lib/gcc/mingw32/8.2.0/include/c++/backward] ==> [C:/MinGW/lib/gcc/mingw32/8.2.0/include/c++/backward]
  collapse include dir [c:/mingw/bin/../lib/gcc/mingw32/8.2.0/include] ==> [C:/MinGW/lib/gcc/mingw32/8.2.0/include]
  collapse include dir [c:/mingw/bin/../lib/gcc/mingw32/8.2.0/../../../../include] ==> [C:/MinGW/include]
  collapse include dir [c:/mingw/bin/../lib/gcc/mingw32/8.2.0/include-fixed] ==> [C:/MinGW/lib/gcc/mingw32/8.2.0/include-fixed]
  implicit include dirs: [C:/MinGW/lib/gcc/mingw32/8.2.0/include/c++;C:/MinGW/lib/gcc/mingw32/8.2.0/include/c++/mingw32;C:/MinGW/lib/gcc/mingw32/8.2.0/include/c++/backward;C:/MinGW/lib/gcc/mingw32/8.2.0/include;C:/MinGW/include;C:/MinGW/lib/gcc/mingw32/8.2.0/include-fixed]


Parsed CXX implicit link information from above output:
  link line regex: [^( *|.*[/\])(ld\.exe|CMAKE_LINK_STARTFILE-NOTFOUND|([^/\]+-)?ld|collect2)[^/\]*( |$)]
  ignore line: [Change Dir: C:/Users/TI Lab/Desktop/Project/New folder/CacheSim/Build/CMakeFiles/CMakeTmp]
  ignore line: []
  ignore line: [Run Build Command(s):C:/MinGW/bin/mingw32-make.exe cmTC_66c0c/fast && C:/MinGW/bin/mingw32-make.exe  -f CMakeFiles\cmTC_66c0c.dir\build.make CMakeFiles/cmTC_66c0c.dir/build]
  ignore line: [mingw32-make.exe[1]: Entering directory 'C:/Users/TI Lab/Desktop/Project/New folder/CacheSim/Build/CMakeFiles/CMakeTmp']
  ignore line: [Building CXX object CMakeFiles/cmTC_66c0c.dir/CMakeCXXCompilerABI.cpp.obj]
  ignore line: [C:\MinGW\bin\g++.exe   -v -o CMakeFiles\cmTC_66c0c.dir\CMakeCXXCompilerABI.cpp.obj -c "C:\Program Files\CMake\share\cmake-3.18\Modules\CMakeCXXCompilerABI.cpp"]
  ignore line: [Using built-in specs.]
  ignore line: [COLLECT_GCC=C:\MinGW\bin\g++.exe]
  ignore line: [Target: mingw32]
  ignore line: [Configured with: ../src/gcc-8.2.0/configure --build=x86_64-pc-linux-gnu --host=mingw32 --target=mingw32 --prefix=/mingw --disable-win32-registry --with-arch=i586 --with-tune=generic --enable-languages=c c++ objc obj-c++ fortran ada --with-pkgversion='MinGW.org GCC-8.2.0-5' --with-gmp=/mingw --with-mpfr=/mingw --with-mpc=/mingw --enable-static --enable-shared --enable-threads --with-dwarf2 --disable-sjlj-exceptions --enable-version-specific-runtime-libs --with-libiconv-prefix=/mingw --with-libintl-prefix=/mingw --enable-libstdcxx-debug --with-isl=/mingw --enable-libgomp --disable-libvtv --enable-nls --disable-build-format-warnings]
  ignore line: [Thread model: win32]
  ignore line: [gcc version 8.2.0 (MinGW.org GCC-8.2.0-5) ]
  ignore line: [COLLECT_GCC_OPTIONS='-v' '-o' 'CMakeFiles\cmTC_66c0c.dir\CMakeCXXCompilerABI.cpp.obj' '-c' '-shared-libgcc' '-mtune=generic' '-march=i586']
  ignore line: [ c:/mingw/bin/../libexec/gcc/mingw32/8.2.0/cc1plus.exe -quiet -v -iprefix c:\mingw\bin\../lib/gcc/mingw32/8.2.0/ C:\Program Files\CMake\share\cmake-3.18\Modules\CMakeCXXCompilerABI.cpp -quiet -dumpbase CMakeCXXCompilerABI.cpp -mtune=generic -march=i586 -auxbase-strip CMakeFiles\cmTC_66c0c.dir\CMakeCXXCompilerABI.cpp.obj -version -o C:\Users\TILAB~1\AppData\Local\Temp\cchcd0WR.s]
  ignore line: [GNU C++14 (MinGW.org GCC-8.2.0-5) version 8.2.0 (mingw32)]
  ignore line: [	compiled by GNU C version 8.2.0  GMP version 6.1.2  MPFR version 3.1.5  MPC version 1.0.3  isl version isl-0.18-GMP]
  ignore line: []
  ignore line: [GGC heuristics: --param ggc-min-expand=100 --param ggc-min-heapsize=131072]
  ignore line: [ignoring nonexistent directory "c:\mingw\bin\../lib/gcc/mingw32/8.2.0/../../../../mingw32/include"]
  ignore line: [ignoring duplicate directory "c:/mingw/lib/gcc/../../lib/gcc/mingw32/8.2.0/include/c++"]
  ignore line: [ignoring duplicate directory "c:/mingw/lib/gcc/../../lib/gcc/mingw32/8.2.0/include/c++/mingw32"]
  ignore line: [ignoring duplicate directory "c:/mingw/lib/gcc/../../lib/gcc/mingw32/8.2.0/include/c++/backward"]
  ignore line: [ignoring duplicate directory "c:/mingw/lib/gcc/../../lib/gcc/mingw32/8.2.0/include"]
  ignore line: [ignoring duplicate directory "/mingw/lib/gcc/mingw32/8.2.0/../../../../include"]
  ignore line: [ignoring duplicate directory "c:/mingw/lib/gcc/../../include"]
  ignore line: [ignoring duplicate directory "c:/mingw/lib/gcc/../../lib/gcc/mingw32/8.2.0/include-fixed"]
  ignore line: [ignoring nonexistent directory "c:/mingw/lib/gcc/../../lib/gcc/mingw32/8.2.0/../../../../mingw32/include"]
  ignore line: [ignoring duplicate directory "/mingw/include"]
  ignore line: [#include "..." search starts here:]
  ignore line: [#include <...> search starts here:]
  ignore line: [ c:\mingw\bin\../lib/gcc/mingw32/8.2.0/include/c++]
  ignore line: [ c:\mingw\bin\../lib/gcc/mingw32/8.2.0/include/c++/mingw32]
  ignore line: [ c:\mingw\bin\../lib/gcc/mingw32/8.2.0/include/c++/backward]
  ignore line: [ c:\mingw\bin\../lib/gcc/mingw32/8.2.0/include]
  ignore line: [ c:\mingw\bin\../lib/gcc/mingw32/8.2.0/../../../../include]
  ignore line: [ c:\mingw\bin\../lib/gcc/mingw32/8.2.0/include-fixed]
  ignore line: [End of search list.]
  ignore line: [GNU C++14 (MinGW.org GCC-8.2.0-5) version 8.2.0 (mingw32)]
  ignore line: [	compiled by GNU C version 8.2.0  GMP version 6.1.2  MPFR version 3.1.5  MPC version 1.0.3  isl version isl-0.18-GMP]
  ignore line: []
  ignore line: [GGC heuristics: --param ggc-min-expand=100 --param ggc-min-heapsize=131072]
  ignore line: [Compiler executable checksum: 1aab1d81d4f13e2c95d138c5bfb5463a]
  ignore line: [COLLECT_GCC_OPTIONS='-v' '-o' 'CMakeFiles\cmTC_66c0c.dir\CMakeCXXCompilerABI.cpp.obj' '-c' '-shared-libgcc' '-mtune=generic' '-march=i586']
  ignore line: [ c:/mingw/bin/../lib/gcc/mingw32/8.2.0/../../../../mingw32/bin/as.exe -v -o CMakeFiles\cmTC_66c0c.dir\CMakeCXXCompilerABI.cpp.obj C:\Users\TILAB~1\AppData\Local\Temp\cchcd0WR.s]
  ignore line: [GNU assembler version 2.32 (mingw32) using BFD version (GNU Binutils) 2.32]
  ignore line: [COMPILER_PATH=c:/mingw/bin/../libexec/gcc/mingw32/8.2.0/]
  ignore line: [c:/mingw/bin/../libexec/gcc/]
  ignore line: [c:/mingw/bin/../lib/gcc/mingw32/8.2.0/../../../../mingw32/bin/]
  ignore line: [LIBRARY_PATH=c:/mingw/bin/../lib/gcc/mingw32/8.2.0/]
  ignore line: [c:/mingw/bin/../lib/gcc/]
  ignore line: [c:/mingw/bin/../lib/gcc/mingw32/8.2.0/../../../../mingw32/lib/]
  ignore line: [c:/mingw/bin/../lib/gcc/mingw32/8.2.0/../../../]
  ignore line: [COLLECT_GCC_OPTIONS='-v' '-o' 'CMakeFiles\cmTC_66c0c.dir\CMakeCXXCompilerABI.cpp.obj' '-c' '-shared-libgcc' '-mtune=generic' '-march=i586']
  ignore line: [Linking CXX executable cmTC_66c0c.exe]
  ignore line: ["C:\Program Files\CMake\bin\cmake.exe" -E cmake_link_script CMakeFiles\cmTC_66c0c.dir\link.txt --verbose=1]
  ignore line: ["C:\Program Files\CMake\bin\cmake.exe" -E rm -f CMakeFiles\cmTC_66c0c.dir/objects.a]
  ignore line: [C:\MinGW\bin\ar.exe cr CMakeFiles\cmTC_66c0c.dir/objects.a @CMakeFiles\cmTC_66c0c.dir\objects1.rsp]
  ignore line: [C:\MinGW\bin\g++.exe  -v -Wl --whole-archive CMakeFiles\cmTC_66c0c.dir/objects.a -Wl --no-whole-archive -o cmTC_66c0c.exe -Wl --out-implib libcmTC_66c0c.dll.a -Wl --major-image-version 0 --minor-image-version 0 ]
  ignore line: [Using built-in specs.]
  ignore line: [COLLECT_GCC=C:\MinGW\bin\g++.exe]
  ignore line: [COLLECT_LTO_WRAPPER=c:/mingw/bin/../libexec/gcc/mingw32/8.2.0/lto-wrapper.exe]
  ignore line: [Target: mingw32]
  ignore line: [Configured with: ../src/gcc-8.2.0/configure --build=x86_64-pc-linux-gnu --host=mingw32 --target=mingw32 --prefix=/mingw --disable-win32-registry --with-arch=i586 --with-tune=generic --enable-languages=c c++ objc obj-c++ fortran ada --with-pkgversion='MinGW.org GCC-8.2.0-5' --with-gmp=/mingw --with-mpfr=/mingw --with-mpc=/mingw --enable-static --enable-shared --enable-threads --with-dwarf2 --disable-sjlj-exceptions --enable-version-specific-runtime-libs --with-libiconv-prefix=/mingw --with-libintl-prefix=/mingw --enable-libstdcxx-debug --with-isl=/mingw --enable-libgomp --disable-libvtv --enable-nls --disable-build-format-warnings]
  ignore line: [Thread model: win32]
  ignore line: [gcc version 8.2.0 (MinGW.org GCC-8.2.0-5) ]
  ignore line: [COMPILER_PATH=c:/mingw/bin/../libexec/gcc/mingw32/8.2.0/]
  ignore line: [c:/mingw/bin/../libexec/gcc/]
  ignore line: [c:/mingw/bin/../lib/gcc/mingw32/8.2.0/../../../../mingw32/bin/]
  ignore line: [LIBRARY_PATH=c:/mingw/bin/../lib/gcc/mingw32/8.2.0/]
  ignore line: [c:/mingw/bin/../lib/gcc/]
  ignore line: [c:/mingw/bin/../lib/gcc/mingw32/8.2.0/../../../../mingw32/lib/]
  ignore line: [c:/mingw/bin/../lib/gcc/mingw32/8.2.0/../../../]
  ignore line: [COLLECT_GCC_OPTIONS='-v' '-o' 'cmTC_66c0c.exe' '-shared-libgcc' '-mtune=generic' '-march=i586']
  link line: [ c:/mingw/bin/../libexec/gcc/mingw32/8.2.0/collect2.exe -plugin c:/mingw/bin/../libexec/gcc/mingw32/8.2.0/liblto_plugin-0.dll -plugin-opt=c:/mingw/bin/../libexec/gcc/mingw32/8.2.0/lto-wrapper.exe -plugin-opt=-fresolution=C:\Users\TILAB~1\AppData\Local\Temp\cc5jgsva.res -plugin-opt=-pass-through=-lmingw32 -plugin-opt=-pass-through=-lgcc_s -plugin-opt=-pass-through=-lgcc -plugin-opt=-pass-through=-lmoldname -plugin-opt=-pass-through=-lmingwex -plugin-opt=-pass-through=-lmsvcrt -plugin-opt=-pass-through=-ladvapi32 -plugin-opt=-pass-through=-lshell32 -plugin-opt=-pass-through=-luser32 -plugin-opt=-pass-through=-lkernel32 -plugin-opt=-pass-through=-lmingw32 -plugin-opt=-pass-through=-lgcc_s -plugin-opt=-pass-through=-lgcc -plugin-opt=-pass-through=-lmoldname -plugin-opt=-pass-through=-lmingwex -plugin-opt=-pass-through=-lmsvcrt -Bdynamic -u ___register_frame_info -u ___deregister_frame_info -o cmTC_66c0c.exe c:/mingw/bin/../lib/gcc/mingw32/8.2.0/../../../crt2.o c:/mingw/bin/../lib/gcc/mingw32/8.2.0/crtbegin.o -Lc:/mingw/bin/../lib/gcc/mingw32/8.2.0 -Lc:/mingw/bin/../lib/gcc -Lc:/mingw/bin/../lib/gcc/mingw32/8.2.0/../../../../mingw32/lib -Lc:/mingw/bin/../lib/gcc/mingw32/8.2.0/../../.. --whole-archive CMakeFiles\cmTC_66c0c.dir/objects.a --no-whole-archive --out-implib libcmTC_66c0c.dll.a --major-image-version 0 --minor-image-version 0 -lstdc++ -lmingw32 -lgcc_s -lgcc -lmoldname -lmingwex -lmsvcrt -ladvapi32 -lshell32 -luser32 -lkernel32 -lmingw32 -lgcc_s -lgcc -lmoldname -lmingwex -lmsvcrt c:/mingw/bin/../lib/gcc/mingw32/8.2.0/crtend.o]
    arg [c:/mingw/bin/../libexec/gcc/mingw32/8.2.0/collect2.exe] ==> ignore
    arg [-plugin] ==> ignore
    arg [c:/mingw/bin/../libexec/gcc/mingw32/8.2.0/liblto_plugin-0.dll] ==> ignore
    arg [-plugin-opt=c:/mingw/bin/../libexec/gcc/mingw32/8.2.0/lto-wrapper.exe] ==> ignore
    arg [-plugin-opt=-fresolution=C:\Users\TILAB~1\AppData\Local\Temp\cc5jgsva.res] ==> ignore
    arg [-plugin-opt=-pass-through=-lmingw32] ==> ignore
    arg [-plugin-opt=-pass-through=-lgcc_s] ==> ignore
    arg [-plugin-opt=-pass-through=-lgcc] ==> ignore
    arg [-plugin-opt=-pass-through=-lmoldname] ==> ignore
    arg [-plugin-opt=-pass-through=-lmingwex] ==> ignore
    arg [-plugin-opt=-pass-through=-lmsvcrt] ==> ignore
    arg [-plugin-opt=-pass-through=-ladvapi32] ==> ignore
    arg [-plugin-opt=-pass-through=-lshell32] ==> ignore
    arg [-plugin-opt=-pass-through=-luser32] ==> ignore
    arg [-plugin-opt=-pass-through=-lkernel32] ==> ignore
    arg [-plugin-opt=-pass-through=-lmingw32] ==> ignore
    arg [-plugin-opt=-pass-through=-lgcc_s] ==> ignore
    arg [-plugin-opt=-pass-through=-lgcc] ==> ignore
    arg [-plugin-opt=-pass-through=-lmoldname] ==> ignore
    arg [-plugin-opt=-pass-through=-lmingwex] ==> ignore
    arg [-plugin-opt=-pass-through=-lmsvcrt] ==> ignore
    arg [-Bdynamic] ==> ignore
    arg [-u] ==> ignore
    arg [___register_frame_info] ==> ignore
    arg [-u] ==> ignore
    arg [___deregister_frame_info] ==> ignore
    arg [-o] ==> ignore
    arg [cmTC_66c0c.exe] ==> ignore
    arg [c:/mingw/bin/../lib/gcc/mingw32/8.2.0/../../../crt2.o] ==> ignore
    arg [c:/mingw/bin/../lib/gcc/mingw32/8.2.0/crtbegin.o] ==> ignore
    arg [-Lc:/mingw/bin/../lib/gcc/mingw32/8.2.0] ==> dir [c:/mingw/bin/../lib/gcc/mingw32/8.2.0]
    arg [-Lc:/mingw/bin/../lib/gcc] ==> dir [c:/mingw/bin/../lib/gcc]
    arg [-Lc:/mingw/bin/../lib/gcc/mingw32/8.2.0/../../../../mingw32/lib] ==> dir [c:/mingw/bin/../lib/gcc/mingw32/8.2.0/../../../../mingw32/lib]
    arg [-Lc:/mingw/bin/../lib/gcc/mingw32/8.2.0/../../..] ==> dir [c:/mingw/bin/../lib/gcc/mingw32/8.2.0/../../..]
    arg [--whole-archive] ==> ignore
    arg [CMakeFiles\cmTC_66c0c.dir/objects.a] ==> ignore
    arg [--no-whole-archive] ==> ignore
    arg [--out-implib] ==> ignore
    arg [libcmTC_66c0c.dll.a] ==> ignore
    arg [--major-image-version] ==> ignore
    arg [0] ==> ignore
    arg [--minor-image-version] ==> ignore
    arg [0] ==> ignore
    arg [-lstdc++] ==> lib [stdc++]
    arg [-lmingw32] ==> lib [mingw32]
    arg [-lgcc_s] ==> lib [gcc_s]
    arg [-lgcc] ==> lib [gcc]
    arg [-lmoldname] ==> lib [moldname]
    arg [-lmingwex] ==> lib [mingwex]
    arg [-lmsvcrt] ==> lib [msvcrt]
    arg [-ladvapi32] ==> lib [advapi32]
    arg [-lshell32] ==> lib [shell32]
    arg [-luser32] ==> lib [user32]
    arg [-lkernel32] ==> lib [kernel32]
    arg [-lmingw32] ==> lib [mingw32]
    arg [-lgcc_s] ==> lib [gcc_s]
    arg [-lgcc] ==> lib [gcc]
    arg [-lmoldname] ==> lib [moldname]
    arg [-lmingwex] ==> lib [mingwex]
    arg [-lmsvcrt] ==> lib [msvcrt]
    arg [c:/mingw/bin/../lib/gcc/mingw32/8.2.0/crtend.o] ==> ignore
  remove lib [msvcrt]
  remove lib [msvcrt]
  collapse library dir [c:/mingw/bin/../lib/gcc/mingw32/8.2.0] ==> [C:/MinGW/lib/gcc/mingw32/8.2.0]
  collapse library dir [c:/mingw/bin/../lib/gcc] ==> [C:/MinGW/lib/gcc]
  collapse library dir [c:/mingw/bin/../lib/gcc/mingw32/8.2.0/../../../../mingw32/lib] ==> [C:/MinGW/mingw32/lib]
  collapse library dir [c:/mingw/bin/../lib/gcc/mingw32/8.2.0/../../..] ==> [C:/MinGW/lib]
  implicit libs: [stdc++;mingw32;gcc_s;gcc;moldname;mingwex;advapi32;shell32;user32;kernel32;mingw32;gcc_s;gcc;moldname;mingwex]
  implicit dirs: [C:/MinGW/lib/gcc/mingw32/8.2.0;C:/MinGW/lib/gcc;C:/MinGW/mingw32/lib;C:/MinGW/lib]
  implicit fwks: []


